Not searching for unused variables given on the command line.
[36m--[0m The C compiler identification is GNU 9.4.0
[36m--[0m The CXX compiler identification is GNU 9.4.0
[36m--[0m Check for working C compiler: /usr/bin/cc
[36m--[0m Check for working C compiler: /usr/bin/cc -- works
[36m--[0m Detecting C compiler ABI info
[36m--[0m Detecting C compiler ABI info - done
[36m--[0m Detecting C compile features
[36m--[0m Detecting C compile features - done
[36m--[0m Check for working CXX compiler: /usr/bin/c++
[36m--[0m Check for working CXX compiler: /usr/bin/c++ -- works
[36m--[0m Detecting CXX compiler ABI info
[36m--[0m Detecting CXX compiler ABI info - done
[36m--[0m Detecting CXX compile features
[36m--[0m Detecting CXX compile features - done
[36m--[0m Found Boost: /usr/lib/aarch64-linux-gnu/cmake/Boost-1.71.0/BoostConfig.cmake (found version "1.71.0") found components: system iostreams
[36m--[0m Checking for module 'eigen3'
[36m--[0m   Found eigen3, version 3.3.7
[36m--[0m Found Eigen: /usr/include/eigen3 (Required is at least version "3.1")
[36m--[0m Eigen found (include: /usr/include/eigen3, version: 3.3.7)
[36m--[0m Found Boost: /usr/include (found suitable version "1.71.0", minimum required is "1.55.0") found components: system filesystem date_time iostreams regex
[36m--[0m looking for PCL_COMMON
[36m--[0m Found PCL_COMMON: /usr/lib/aarch64-linux-gnu/libpcl_common.so
[36m--[0m Found PCL: pcl_common;optimized;/usr/lib/aarch64-linux-gnu/libboost_system.so.1.71.0;debug;/usr/lib/aarch64-linux-gnu/libboost_system.so;/usr/lib/aarch64-linux-gnu/libboost_filesystem.so;/usr/lib/aarch64-linux-gnu/libboost_date_time.so;optimized;/usr/lib/aarch64-linux-gnu/libboost_iostreams.so.1.71.0;debug;/usr/lib/aarch64-linux-gnu/libboost_iostreams.so;/usr/lib/aarch64-linux-gnu/libboost_regex.so
[36m--[0m Found installed version of Eigen: /usr/lib/cmake/eigen3
[36m--[0m Found required Ceres dependency: Eigen version 3.3.7 in /usr/include/eigen3
[36m--[0m Found required Ceres dependency: glog
[36m--[0m Found installed version of gflags: /usr/lib/aarch64-linux-gnu/cmake/gflags
[36m--[0m Detected gflags version: 2.2.2
[36m--[0m Found required Ceres dependency: gflags
[36m--[0m Found Ceres version: 1.14.0 installed in: /usr with components: [EigenSparse, SparseLinearAlgebraLibrary, LAPACK, SuiteSparse, CXSparse, SchurSpecializations, OpenMP, Multithreading]
[36m--[0m Looking for pthread.h
[36m--[0m Looking for pthread.h - found
[36m--[0m Performing Test CMAKE_HAVE_LIBC_PTHREAD
[36m--[0m Performing Test CMAKE_HAVE_LIBC_PTHREAD - Failed
[36m--[0m Looking for pthread_create in pthreads
[36m--[0m Looking for pthread_create in pthreads - not found
[36m--[0m Looking for pthread_create in pthread
[36m--[0m Looking for pthread_create in pthread - found
[36m--[0m Found Threads: TRUE
[36m--[0m Build type: Release
Files /home/happy/happy_ws/build/cartographer_ros/AllFiles.cmake and - differ
[33m[1mCMake Warning[0m at /usr/src/googletest/googlemock/CMakeLists.txt:43 (project):
  VERSION keyword not followed by a value or was followed by a value that
  expanded to nothing.


[33m[1mCMake Warning[0m at /usr/src/googletest/googletest/CMakeLists.txt:54 (project):
  VERSION keyword not followed by a value or was followed by a value that
  expanded to nothing.


[36m--[0m Found PythonInterp: /usr/bin/python (found version "2.7.18")
[36m--[0m Found GMock: gmock_main;-lpthread
[36m--[0m Using CATKIN_DEVEL_PREFIX: /home/happy/happy_ws/devel/.private/cartographer_ros
[36m--[0m Using CMAKE_PREFIX_PATH: /home/happy/happy_ws/devel;/opt/ros/noetic
[36m--[0m This workspace overlays: /home/happy/happy_ws/devel;/opt/ros/noetic
[31m[1mCMake Error[0m at /usr/share/cmake-3.16/Modules/FindPackageHandleStandardArgs.cmake:146 (message):
  Could NOT find PythonInterp: Found unsuitable version "2.7.18", but
  required is at least "3" (found /usr/bin/python)
[36mCall Stack (most recent call first):[0m
  /usr/share/cmake-3.16/Modules/FindPackageHandleStandardArgs.cmake:391 (_FPHSA_FAILURE_MESSAGE)
  /usr/share/cmake-3.16/Modules/FindPythonInterp.cmake:169 (FIND_PACKAGE_HANDLE_STANDARD_ARGS)
  /opt/ros/noetic/share/catkin/cmake/python.cmake:4 (find_package)
  /opt/ros/noetic/share/catkin/cmake/all.cmake:164 (include)
  /opt/ros/noetic/share/catkin/cmake/catkinConfig.cmake:20 (include)
  CMakeLists.txt:54 (find_package)


[36m--[0m Configuring incomplete, errors occurred!
See also "/home/happy/happy_ws/build/cartographer_ros/CMakeFiles/CMakeOutput.log".
See also "/home/happy/happy_ws/build/cartographer_ros/CMakeFiles/CMakeError.log".
