Not searching for unused variables given on the command line.
[36m--[0m Found Boost: /usr/lib/aarch64-linux-gnu/cmake/Boost-1.71.0/BoostConfig.cmake (found version "1.71.0") found components: system iostreams
[36m--[0m Eigen found (include: /usr/include/eigen3, version: 3.3.7)
[36m--[0m Found Boost: /usr/include (found suitable version "1.71.0", minimum required is "1.55.0") found components: system filesystem date_time iostreams regex
[36m--[0m looking for PCL_COMMON
[36m--[0m Found installed version of Eigen: /usr/lib/cmake/eigen3
[36m--[0m Found required Ceres dependency: Eigen version 3.3.7 in /usr/include/eigen3
[36m--[0m Found required Ceres dependency: glog
[36m--[0m Found installed version of gflags: /usr/lib/aarch64-linux-gnu/cmake/gflags
[36m--[0m Detected gflags version: 2.2.2
[36m--[0m Found required Ceres dependency: gflags
[36m--[0m Found Ceres version: 1.14.0 installed in: /usr with components: [EigenSparse, SparseLinearAlgebraLibrary, LAPACK, SuiteSparse, CXSparse, SchurSpecializations, OpenMP, Multithreading]
[36m--[0m Build type: Release
[36m--[0m Found GMock: gmock_main;-lpthread;GMOCK_LIBRARY-NOTFOUND;/usr/lib/aarch64-linux-gnu/libgtest.a;-lpthread
[36m--[0m Using CATKIN_DEVEL_PREFIX: /home/happy/happy_ws/devel/.private/cartographer_ros
[36m--[0m Using CMAKE_PREFIX_PATH: /home/happy/happy_ws/devel;/opt/ros/noetic
[36m--[0m This workspace overlays: /home/happy/happy_ws/devel;/opt/ros/noetic
[36m--[0m Using PYTHON_EXECUTABLE: /usr/bin/python3
[36m--[0m Using Debian Python package layout
[36m--[0m Using empy: /usr/lib/python3/dist-packages/em.py
[36m--[0m Using CATKIN_ENABLE_TESTING: ON
[36m--[0m Call enable_testing()
[36m--[0m Using CATKIN_TEST_RESULTS_DIR: /home/happy/happy_ws/build/cartographer_ros/test_results
[36m--[0m Forcing gtest/gmock from source, though one was otherwise available.
[36m--[0m Found gtest sources under '/usr/src/googletest': gtests will be built
[36m--[0m Found gmock sources under '/usr/src/googletest': gmock will be built
[36m--[0m Found PythonInterp: /usr/bin/python3 (found version "3.8.10")
[36m--[0m Using Python nosetests: /usr/bin/nosetests3
[36m--[0m catkin 0.8.10
[36m--[0m BUILD_SHARED_LIBS is on
[36m--[0m Using these message generators: gencpp;geneus;genlisp;gennodejs;genpy
CMake Error: The following variables are used in this project, but they are set to NOTFOUND.
Please set them or make sure they are set and tested correctly in the CMake files:
GMOCK_LIBRARY (ADVANCED)
    linked by target "time_conversion_test" in directory /home/happy/happy_ws/src/cartographer_ros/cartographer_ros
    linked by target "configuration_files_test" in directory /home/happy/happy_ws/src/cartographer_ros/cartographer_ros
    linked by target "msg_conversion_test" in directory /home/happy/happy_ws/src/cartographer_ros/cartographer_ros
    linked by target "metrics_test" in directory /home/happy/happy_ws/src/cartographer_ros/cartographer_ros

[36m--[0m Configuring incomplete, errors occurred!
See also "/home/happy/happy_ws/build/cartographer_ros/CMakeFiles/CMakeOutput.log".
See also "/home/happy/happy_ws/build/cartographer_ros/CMakeFiles/CMakeError.log".
