[01m[K/home/happy/happy_ws/src/happy_robot/src/motor_controller.cpp:[m[K In constructor ‘[01m[KMotorController::MotorController(std::string, unsigned int, int)[m[K’:
[01m[K/home/happy/happy_ws/src/happy_robot/src/motor_controller.cpp:5:88:[m[K [01;31m[Kerror: [m[Kno matching function for call to ‘[01m[KController::Controller()[m[K’
    5 | MotorController::MotorController(std::string port, unsigned int speed, int motor_number[01;31m[K)[m[K {
      |                                                                                        [01;31m[K^[m[K
In file included from [01m[K/home/happy/happy_ws/src/happy_robot/WoorobotSDK/include/SerialPortConnector.h:33[m[K,
                 from [01m[K/home/happy/happy_ws/src/happy_robot/include/motor_controller.h:2[m[K,
                 from [01m[K/home/happy/happy_ws/src/happy_robot/src/motor_controller.cpp:1[m[K:
[01m[K/home/happy/happy_ws/src/happy_robot/WoorobotSDK/include/Controller.h:20:5:[m[K [01;36m[Knote: [m[Kcandidate: ‘[01m[KController::Controller(uint8_t, SerialPortConnector*)[m[K’
   20 |     [01;36m[KController[m[K(uint8_t id, SerialPortConnector* serial_port_connector);
      |     [01;36m[K^~~~~~~~~~[m[K
[01m[K/home/happy/happy_ws/src/happy_robot/WoorobotSDK/include/Controller.h:20:5:[m[K [01;36m[Knote: [m[K  candidate expects 2 arguments, 0 provided
[01m[K/home/happy/happy_ws/src/happy_robot/WoorobotSDK/include/Controller.h:18:7:[m[K [01;36m[Knote: [m[Kcandidate: ‘[01m[Kconstexpr Controller::Controller(const Controller&)[m[K’
   18 | class [01;36m[KController[m[K {
      |       [01;36m[K^~~~~~~~~~[m[K
[01m[K/home/happy/happy_ws/src/happy_robot/WoorobotSDK/include/Controller.h:18:7:[m[K [01;36m[Knote: [m[K  candidate expects 1 argument, 0 provided
[01m[K/home/happy/happy_ws/src/happy_robot/src/motor_controller.cpp:[m[K In member function ‘[01m[Kvoid MotorController::setDegree(int, float)[m[K’:
[01m[K/home/happy/happy_ws/src/happy_robot/src/motor_controller.cpp:47:47:[m[K [01;31m[Kerror: [m[Kno matching function for call to ‘[01m[KMotorControl::setSubTarget()[m[K’
   47 |     controllers[id].motorControl.setSubTarget([01;31m[K)[m[K;
      |                                               [01;31m[K^[m[K
In file included from [01m[K/home/happy/happy_ws/src/happy_robot/WoorobotSDK/include/Controller.h:13[m[K,
                 from [01m[K/home/happy/happy_ws/src/happy_robot/WoorobotSDK/include/SerialPortConnector.h:33[m[K,
                 from [01m[K/home/happy/happy_ws/src/happy_robot/include/motor_controller.h:2[m[K,
                 from [01m[K/home/happy/happy_ws/src/happy_robot/src/motor_controller.cpp:1[m[K:
[01m[K/home/happy/happy_ws/src/happy_robot/WoorobotSDK/include/../woorobot_sdk_cpp/MotorControl.h:26:10:[m[K [01;36m[Knote: [m[Kcandidate: ‘[01m[Kvoid MotorControl::setSubTarget(unsigned int)[m[K’
   26 |     void [01;36m[KsetSubTarget[m[K(unsigned int value);
      |          [01;36m[K^~~~~~~~~~~~[m[K
[01m[K/home/happy/happy_ws/src/happy_robot/WoorobotSDK/include/../woorobot_sdk_cpp/MotorControl.h:26:10:[m[K [01;36m[Knote: [m[K  candidate expects 1 argument, 0 provided
[01m[K/home/happy/happy_ws/src/happy_robot/src/motor_controller.cpp:[m[K In member function ‘[01m[Kvoid MotorController::setRPM(int, float)[m[K’:
[01m[K/home/happy/happy_ws/src/happy_robot/src/motor_controller.cpp:71:47:[m[K [01;31m[Kerror: [m[Kno matching function for call to ‘[01m[KMotorControl::setSubTarget()[m[K’
   71 |     controllers[id].motorControl.setSubTarget([01;31m[K)[m[K;
      |                                               [01;31m[K^[m[K
In file included from [01m[K/home/happy/happy_ws/src/happy_robot/WoorobotSDK/include/Controller.h:13[m[K,
                 from [01m[K/home/happy/happy_ws/src/happy_robot/WoorobotSDK/include/SerialPortConnector.h:33[m[K,
                 from [01m[K/home/happy/happy_ws/src/happy_robot/include/motor_controller.h:2[m[K,
                 from [01m[K/home/happy/happy_ws/src/happy_robot/src/motor_controller.cpp:1[m[K:
[01m[K/home/happy/happy_ws/src/happy_robot/WoorobotSDK/include/../woorobot_sdk_cpp/MotorControl.h:26:10:[m[K [01;36m[Knote: [m[Kcandidate: ‘[01m[Kvoid MotorControl::setSubTarget(unsigned int)[m[K’
   26 |     void [01;36m[KsetSubTarget[m[K(unsigned int value);
      |          [01;36m[K^~~~~~~~~~~~[m[K
[01m[K/home/happy/happy_ws/src/happy_robot/WoorobotSDK/include/../woorobot_sdk_cpp/MotorControl.h:26:10:[m[K [01;36m[Knote: [m[K  candidate expects 1 argument, 0 provided
make[2]: *** [CMakeFiles/motor_controller_lib.dir/build.make:63: CMakeFiles/motor_controller_lib.dir/src/motor_controller.cpp.o] Error 1
make[1]: *** [CMakeFiles/Makefile2:860: CMakeFiles/motor_controller_lib.dir/all] Error 2
make: *** [Makefile:141: all] Error 2
