[01m[K/home/happy/happy_ws/src/happy_robot/WoorobotSDK/woorobot_sdk_cpp/SerialPortConnector.cpp:[m[K In member function ‘[01m[KController& SerialPortConnector::getController(uint8_t)[m[K’:
[01m[K/home/happy/happy_ws/src/happy_robot/WoorobotSDK/woorobot_sdk_cpp/SerialPortConnector.cpp:219:65:[m[K [01;31m[Kerror: [m[Kno matching function for call to ‘[01m[Kstd::out_of_range::out_of_range(const char [27], uint8_t&)[m[K’
  219 |         throw std::out_of_range("Invalid controller id : %d", id[01;31m[K)[m[K;
      |                                                                 [01;31m[K^[m[K
In file included from [01m[K/usr/include/c++/9/system_error:41[m[K,
                 from [01m[K/usr/include/c++/9/bits/fs_fwd.h:35[m[K,
                 from [01m[K/usr/include/c++/9/filesystem:36[m[K,
                 from [01m[K/home/happy/happy_ws/src/happy_robot/WoorobotSDK/include/SerialPortConnector.h:10[m[K,
                 from [01m[K/home/happy/happy_ws/src/happy_robot/WoorobotSDK/woorobot_sdk_cpp/SerialPortConnector.cpp:1[m[K:
[01m[K/usr/include/c++/9/stdexcept:208:5:[m[K [01;36m[Knote: [m[Kcandidate: ‘[01m[Kstd::out_of_range::out_of_range(std::out_of_range&&)[m[K’
  208 |     [01;36m[Kout_of_range[m[K(out_of_range&&) = default;
      |     [01;36m[K^~~~~~~~~~~~[m[K
[01m[K/usr/include/c++/9/stdexcept:208:5:[m[K [01;36m[Knote: [m[K  candidate expects 1 argument, 2 provided
[01m[K/usr/include/c++/9/stdexcept:206:5:[m[K [01;36m[Knote: [m[Kcandidate: ‘[01m[Kstd::out_of_range::out_of_range(const std::out_of_range&)[m[K’
  206 |     [01;36m[Kout_of_range[m[K(const out_of_range&) = default;
      |     [01;36m[K^~~~~~~~~~~~[m[K
[01m[K/usr/include/c++/9/stdexcept:206:5:[m[K [01;36m[Knote: [m[K  candidate expects 1 argument, 2 provided
[01m[K/usr/include/c++/9/stdexcept:205:14:[m[K [01;36m[Knote: [m[Kcandidate: ‘[01m[Kstd::out_of_range::out_of_range(const char*)[m[K’
  205 |     explicit [01;36m[Kout_of_range[m[K(const char*) _GLIBCXX_TXN_SAFE;
      |              [01;36m[K^~~~~~~~~~~~[m[K
[01m[K/usr/include/c++/9/stdexcept:205:14:[m[K [01;36m[Knote: [m[K  candidate expects 1 argument, 2 provided
[01m[K/usr/include/c++/9/stdexcept:203:14:[m[K [01;36m[Knote: [m[Kcandidate: ‘[01m[Kstd::out_of_range::out_of_range(const string&)[m[K’
  203 |     explicit [01;36m[Kout_of_range[m[K(const string& __arg) _GLIBCXX_TXN_SAFE;
      |              [01;36m[K^~~~~~~~~~~~[m[K
[01m[K/usr/include/c++/9/stdexcept:203:14:[m[K [01;36m[Knote: [m[K  candidate expects 1 argument, 2 provided
make[2]: *** [WoorobotSDK/CMakeFiles/woorobot_sdk.dir/build.make:193: WoorobotSDK/CMakeFiles/woorobot_sdk.dir/woorobot_sdk_cpp/SerialPortConnector.cpp.o] Error 1
make[1]: *** [CMakeFiles/Makefile2:3600: WoorobotSDK/CMakeFiles/woorobot_sdk.dir/all] Error 2
make: *** [Makefile:141: all] Error 2
