[01m[K/home/happy/happy_ws/src/happy_robot/WoorobotSDK/woorobot_sdk_cpp/SerialPortConnector.cpp:[m[K In member function ‘[01m[KController& SerialPortConnector::addController(uint8_t)[m[K’:
[01m[K/home/happy/happy_ws/src/happy_robot/WoorobotSDK/woorobot_sdk_cpp/SerialPortConnector.cpp:216:65:[m[K [01;31m[Kerror: [m[Kno matching function for call to ‘[01m[Kstd::vector<Controller>::push_back(std::_MakeUniq<Controller>::__single_object)[m[K’
  216 |     controllers.push_back(std::make_unique<Controller>(id, this)[01;31m[K)[m[K;
      |                                                                 [01;31m[K^[m[K
In file included from [01m[K/usr/include/c++/9/vector:67[m[K,
                 from [01m[K/home/happy/happy_ws/src/happy_robot/WoorobotSDK/include/SerialPortConnector.h:25[m[K,
                 from [01m[K/home/happy/happy_ws/src/happy_robot/WoorobotSDK/woorobot_sdk_cpp/SerialPortConnector.cpp:1[m[K:
[01m[K/usr/include/c++/9/bits/stl_vector.h:1184:7:[m[K [01;36m[Knote: [m[Kcandidate: ‘[01m[Kvoid std::vector<_Tp, _Alloc>::push_back(const value_type&) [with _Tp = Controller; _Alloc = std::allocator<Controller>; std::vector<_Tp, _Alloc>::value_type = Controller][m[K’
 1184 |       [01;36m[Kpush_back[m[K(const value_type& __x)
      |       [01;36m[K^~~~~~~~~[m[K
[01m[K/usr/include/c++/9/bits/stl_vector.h:1184:35:[m[K [01;36m[Knote: [m[K  no known conversion for argument 1 from ‘[01m[Kstd::_MakeUniq<Controller>::__single_object[m[K’ {aka ‘[01m[Kstd::unique_ptr<Controller, std::default_delete<Controller> >[m[K’} to ‘[01m[Kconst value_type&[m[K’ {aka ‘[01m[Kconst Controller&[m[K’}
 1184 |       push_back([01;36m[Kconst value_type& __x[m[K)
      |                 [01;36m[K~~~~~~~~~~~~~~~~~~^~~[m[K
[01m[K/usr/include/c++/9/bits/stl_vector.h:1200:7:[m[K [01;36m[Knote: [m[Kcandidate: ‘[01m[Kvoid std::vector<_Tp, _Alloc>::push_back(std::vector<_Tp, _Alloc>::value_type&&) [with _Tp = Controller; _Alloc = std::allocator<Controller>; std::vector<_Tp, _Alloc>::value_type = Controller][m[K’
 1200 |       [01;36m[Kpush_back[m[K(value_type&& __x)
      |       [01;36m[K^~~~~~~~~[m[K
[01m[K/usr/include/c++/9/bits/stl_vector.h:1200:30:[m[K [01;36m[Knote: [m[K  no known conversion for argument 1 from ‘[01m[Kstd::_MakeUniq<Controller>::__single_object[m[K’ {aka ‘[01m[Kstd::unique_ptr<Controller, std::default_delete<Controller> >[m[K’} to ‘[01m[Kstd::vector<Controller>::value_type&&[m[K’ {aka ‘[01m[KController&&[m[K’}
 1200 |       push_back([01;36m[Kvalue_type&& __x[m[K)
      |                 [01;36m[K~~~~~~~~~~~~~^~~[m[K
[01m[K/home/happy/happy_ws/src/happy_robot/WoorobotSDK/woorobot_sdk_cpp/SerialPortConnector.cpp:217:12:[m[K [01;31m[Kerror: [m[Kno match for ‘[01m[Koperator*[m[K’ (operand type is ‘[01m[K__gnu_cxx::__alloc_traits<std::allocator<Controller>, Controller>::value_type[m[K’ {aka ‘[01m[KController[m[K’})
  217 |     return [01;31m[K*controllers.back()[m[K;
      |            [01;31m[K^~~~~~~~~~~~~~~~~~~[m[K
make[2]: *** [WoorobotSDK/CMakeFiles/woorobot_sdk.dir/build.make:193: WoorobotSDK/CMakeFiles/woorobot_sdk.dir/woorobot_sdk_cpp/SerialPortConnector.cpp.o] Error 1
make[1]: *** [CMakeFiles/Makefile2:3600: WoorobotSDK/CMakeFiles/woorobot_sdk.dir/all] Error 2
make: *** [Makefile:141: all] Error 2
