[01m[K/home/happy/happy_ws/src/happy_robot/WoorobotSDK/woorobot_sdk_cpp/Controller.cpp:[m[K In member function ‘[01m[Kvoid Controller::requestWithoutResponse(std::vector<unsigned char>, std::string)[m[K’:
[01m[K/home/happy/happy_ws/src/happy_robot/WoorobotSDK/woorobot_sdk_cpp/Controller.cpp:375:17:[m[K [01;31m[Kerror: [m[Kreturn-statement with a value, in function returning ‘[01m[Kvoid[m[K’ [[01;31m[K-fpermissive[m[K]
  375 |         return {[01;31m[K}[m[K;
      |                 [01;31m[K^[m[K
[01m[K/home/happy/happy_ws/src/happy_robot/WoorobotSDK/woorobot_sdk_cpp/Controller.cpp:379:17:[m[K [01;31m[Kerror: [m[Kreturn-statement with a value, in function returning ‘[01m[Kvoid[m[K’ [[01;31m[K-fpermissive[m[K]
  379 |         return {[01;31m[K}[m[K;
      |                 [01;31m[K^[m[K
[01m[K/home/happy/happy_ws/src/happy_robot/WoorobotSDK/woorobot_sdk_cpp/Controller.cpp:397:17:[m[K [01;31m[Kerror: [m[Kreturn-statement with a value, in function returning ‘[01m[Kvoid[m[K’ [[01;31m[K-fpermissive[m[K]
  397 |         return {[01;31m[K}[m[K;
      |                 [01;31m[K^[m[K
[01m[K/home/happy/happy_ws/src/happy_robot/WoorobotSDK/woorobot_sdk_cpp/Controller.cpp:[m[K In member function ‘[01m[Kstd::vector<unsigned char> Controller::request(std::vector<unsigned char>, std::string)[m[K’:
[01m[K/home/happy/happy_ws/src/happy_robot/WoorobotSDK/woorobot_sdk_cpp/Controller.cpp:242:10:[m[K [01;35m[Kwarning: [m[Kignoring return value of ‘[01m[Kssize_t write(int, const void*, size_t)[m[K’, declared with attribute warn_unused_result [[01;35m[K-Wunused-result[m[K]
  242 |     [01;35m[Kwrite(*connector->fd, request_crc.data(), request_crc.size())[m[K;
      |     [01;35m[K~~~~~^~~~~~~~~~~~~~~~~~~~~~~~~~~~~~~~~~~~~~~~~~~~~~~~~~~~~~~~[m[K
[01m[K/home/happy/happy_ws/src/happy_robot/WoorobotSDK/woorobot_sdk_cpp/Controller.cpp:[m[K In member function ‘[01m[Kvoid Controller::requestWithoutResponse(std::vector<unsigned char>, std::string)[m[K’:
[01m[K/home/happy/happy_ws/src/happy_robot/WoorobotSDK/woorobot_sdk_cpp/Controller.cpp:399:10:[m[K [01;35m[Kwarning: [m[Kignoring return value of ‘[01m[Kssize_t write(int, const void*, size_t)[m[K’, declared with attribute warn_unused_result [[01;35m[K-Wunused-result[m[K]
  399 |     [01;35m[Kwrite(*connector->fd, request_crc.data(), request_crc.size())[m[K;
      |     [01;35m[K~~~~~^~~~~~~~~~~~~~~~~~~~~~~~~~~~~~~~~~~~~~~~~~~~~~~~~~~~~~~~[m[K
[01m[K/home/happy/happy_ws/src/happy_robot/WoorobotSDK/woorobot_sdk_cpp/Controller.cpp:[m[K In member function ‘[01m[Kvoid Controller::requestAll(std::vector<unsigned char>)[m[K’:
[01m[K/home/happy/happy_ws/src/happy_robot/WoorobotSDK/woorobot_sdk_cpp/Controller.cpp:444:10:[m[K [01;35m[Kwarning: [m[Kignoring return value of ‘[01m[Kssize_t write(int, const void*, size_t)[m[K’, declared with attribute warn_unused_result [[01;35m[K-Wunused-result[m[K]
  444 |     [01;35m[Kwrite(*connector->fd, requests.data(), requests.size())[m[K;
      |     [01;35m[K~~~~~^~~~~~~~~~~~~~~~~~~~~~~~~~~~~~~~~~~~~~~~~~~~~~~~~~[m[K
make[2]: *** [WoorobotSDK/CMakeFiles/woorobot_sdk.dir/build.make:76: WoorobotSDK/CMakeFiles/woorobot_sdk.dir/woorobot_sdk_cpp/Controller.cpp.o] Error 1
make[2]: *** Waiting for unfinished jobs....
make[1]: *** [CMakeFiles/Makefile2:3600: WoorobotSDK/CMakeFiles/woorobot_sdk.dir/all] Error 2
make: *** [Makefile:141: all] Error 2
