[01m[K/home/happy/happy_ws/src/happy_robot/src/motor_controller.cpp:[m[K In constructor ‘[01m[KMotorController::MotorController(std::string, unsigned int, int)[m[K’:
[01m[K/home/happy/happy_ws/src/happy_robot/src/motor_controller.cpp:5:88:[m[K [01;31m[Kerror: [m[Kno matching function for call to ‘[01m[KController::Controller()[m[K’
    5 | MotorController::MotorController(std::string port, unsigned int speed, int motor_number[01;31m[K)[m[K {
      |                                                                                        [01;31m[K^[m[K
In file included from [01m[K/home/happy/happy_ws/src/happy_robot/WoorobotSDK/include/SerialPortConnector.h:33[m[K,
                 from [01m[K/home/happy/happy_ws/src/happy_robot/include/motor_controller.h:2[m[K,
                 from [01m[K/home/happy/happy_ws/src/happy_robot/src/motor_controller.cpp:1[m[K:
[01m[K/home/happy/happy_ws/src/happy_robot/WoorobotSDK/include/Controller.h:20:5:[m[K [01;36m[Knote: [m[Kcandidate: ‘[01m[KController::Controller(uint8_t, SerialPortConnector*)[m[K’
   20 |     [01;36m[KController[m[K(uint8_t id, SerialPortConnector* serial_port_connector);
      |     [01;36m[K^~~~~~~~~~[m[K
[01m[K/home/happy/happy_ws/src/happy_robot/WoorobotSDK/include/Controller.h:20:5:[m[K [01;36m[Knote: [m[K  candidate expects 2 arguments, 0 provided
[01m[K/home/happy/happy_ws/src/happy_robot/WoorobotSDK/include/Controller.h:18:7:[m[K [01;36m[Knote: [m[Kcandidate: ‘[01m[Kconstexpr Controller::Controller(const Controller&)[m[K’
   18 | class [01;36m[KController[m[K {
      |       [01;36m[K^~~~~~~~~~[m[K
[01m[K/home/happy/happy_ws/src/happy_robot/WoorobotSDK/include/Controller.h:18:7:[m[K [01;36m[Knote: [m[K  candidate expects 1 argument, 0 provided
[01m[K/home/happy/happy_ws/src/happy_robot/src/motor_controller.cpp:18:26:[m[K [01;31m[Kerror: [m[Kno match for ‘[01m[Koperator=[m[K’ (operand types are ‘[01m[KController[m[K’ and ‘[01m[KController*[m[K’)
   18 |     global_controller = &[01;31m[K_global_controller[m[K;
      |                          [01;31m[K^~~~~~~~~~~~~~~~~~[m[K
In file included from [01m[K/home/happy/happy_ws/src/happy_robot/WoorobotSDK/include/SerialPortConnector.h:33[m[K,
                 from [01m[K/home/happy/happy_ws/src/happy_robot/include/motor_controller.h:2[m[K,
                 from [01m[K/home/happy/happy_ws/src/happy_robot/src/motor_controller.cpp:1[m[K:
[01m[K/home/happy/happy_ws/src/happy_robot/WoorobotSDK/include/Controller.h:18:7:[m[K [01;36m[Knote: [m[Kcandidate: ‘[01m[Kconstexpr Controller& Controller::operator=(const Controller&)[m[K’
   18 | class [01;36m[KController[m[K {
      |       [01;36m[K^~~~~~~~~~[m[K
[01m[K/home/happy/happy_ws/src/happy_robot/WoorobotSDK/include/Controller.h:18:7:[m[K [01;36m[Knote: [m[K  no known conversion for argument 1 from ‘[01m[KController*[m[K’ to ‘[01m[Kconst Controller&[m[K’
[01m[K/home/happy/happy_ws/src/happy_robot/src/motor_controller.cpp:22:42:[m[K [01;31m[Kerror: [m[Kno matching function for call to ‘[01m[Kstd::vector<Controller>::push_back(Controller*)[m[K’
   22 |         controllers.push_back(&controller[01;31m[K)[m[K;
      |                                          [01;31m[K^[m[K
In file included from [01m[K/usr/include/c++/9/vector:67[m[K,
                 from [01m[K/home/happy/happy_ws/src/happy_robot/WoorobotSDK/include/SerialPortConnector.h:24[m[K,
                 from [01m[K/home/happy/happy_ws/src/happy_robot/include/motor_controller.h:2[m[K,
                 from [01m[K/home/happy/happy_ws/src/happy_robot/src/motor_controller.cpp:1[m[K:
[01m[K/usr/include/c++/9/bits/stl_vector.h:1184:7:[m[K [01;36m[Knote: [m[Kcandidate: ‘[01m[Kvoid std::vector<_Tp, _Alloc>::push_back(const value_type&) [with _Tp = Controller; _Alloc = std::allocator<Controller>; std::vector<_Tp, _Alloc>::value_type = Controller][m[K’
 1184 |       [01;36m[Kpush_back[m[K(const value_type& __x)
      |       [01;36m[K^~~~~~~~~[m[K
[01m[K/usr/include/c++/9/bits/stl_vector.h:1184:35:[m[K [01;36m[Knote: [m[K  no known conversion for argument 1 from ‘[01m[KController*[m[K’ to ‘[01m[Kconst value_type&[m[K’ {aka ‘[01m[Kconst Controller&[m[K’}
 1184 |       push_back([01;36m[Kconst value_type& __x[m[K)
      |                 [01;36m[K~~~~~~~~~~~~~~~~~~^~~[m[K
[01m[K/usr/include/c++/9/bits/stl_vector.h:1200:7:[m[K [01;36m[Knote: [m[Kcandidate: ‘[01m[Kvoid std::vector<_Tp, _Alloc>::push_back(std::vector<_Tp, _Alloc>::value_type&&) [with _Tp = Controller; _Alloc = std::allocator<Controller>; std::vector<_Tp, _Alloc>::value_type = Controller][m[K’
 1200 |       [01;36m[Kpush_back[m[K(value_type&& __x)
      |       [01;36m[K^~~~~~~~~[m[K
[01m[K/usr/include/c++/9/bits/stl_vector.h:1200:30:[m[K [01;36m[Knote: [m[K  no known conversion for argument 1 from ‘[01m[KController*[m[K’ to ‘[01m[Kstd::vector<Controller>::value_type&&[m[K’ {aka ‘[01m[KController&&[m[K’}
 1200 |       push_back([01;36m[Kvalue_type&& __x[m[K)
      |                 [01;36m[K~~~~~~~~~~~~~^~~[m[K
[01m[K/home/happy/happy_ws/src/happy_robot/src/motor_controller.cpp:[m[K In member function ‘[01m[Kvoid MotorController::setDegree(int, float)[m[K’:
[01m[K/home/happy/happy_ws/src/happy_robot/src/motor_controller.cpp:48:47:[m[K [01;31m[Kerror: [m[Kno matching function for call to ‘[01m[KMotorControl::setSubTarget()[m[K’
   48 |     controllers[id].motorControl.setSubTarget([01;31m[K)[m[K;
      |                                               [01;31m[K^[m[K
In file included from [01m[K/home/happy/happy_ws/src/happy_robot/WoorobotSDK/include/Controller.h:13[m[K,
                 from [01m[K/home/happy/happy_ws/src/happy_robot/WoorobotSDK/include/SerialPortConnector.h:33[m[K,
                 from [01m[K/home/happy/happy_ws/src/happy_robot/include/motor_controller.h:2[m[K,
                 from [01m[K/home/happy/happy_ws/src/happy_robot/src/motor_controller.cpp:1[m[K:
[01m[K/home/happy/happy_ws/src/happy_robot/WoorobotSDK/include/../woorobot_sdk_cpp/MotorControl.h:26:10:[m[K [01;36m[Knote: [m[Kcandidate: ‘[01m[Kvoid MotorControl::setSubTarget(unsigned int)[m[K’
   26 |     void [01;36m[KsetSubTarget[m[K(unsigned int value);
      |          [01;36m[K^~~~~~~~~~~~[m[K
[01m[K/home/happy/happy_ws/src/happy_robot/WoorobotSDK/include/../woorobot_sdk_cpp/MotorControl.h:26:10:[m[K [01;36m[Knote: [m[K  candidate expects 1 argument, 0 provided
[01m[K/home/happy/happy_ws/src/happy_robot/src/motor_controller.cpp:[m[K In member function ‘[01m[Kvoid MotorController::setRPM(int, float)[m[K’:
[01m[K/home/happy/happy_ws/src/happy_robot/src/motor_controller.cpp:72:47:[m[K [01;31m[Kerror: [m[Kno matching function for call to ‘[01m[KMotorControl::setSubTarget()[m[K’
   72 |     controllers[id].motorControl.setSubTarget([01;31m[K)[m[K;
      |                                               [01;31m[K^[m[K
In file included from [01m[K/home/happy/happy_ws/src/happy_robot/WoorobotSDK/include/Controller.h:13[m[K,
                 from [01m[K/home/happy/happy_ws/src/happy_robot/WoorobotSDK/include/SerialPortConnector.h:33[m[K,
                 from [01m[K/home/happy/happy_ws/src/happy_robot/include/motor_controller.h:2[m[K,
                 from [01m[K/home/happy/happy_ws/src/happy_robot/src/motor_controller.cpp:1[m[K:
[01m[K/home/happy/happy_ws/src/happy_robot/WoorobotSDK/include/../woorobot_sdk_cpp/MotorControl.h:26:10:[m[K [01;36m[Knote: [m[Kcandidate: ‘[01m[Kvoid MotorControl::setSubTarget(unsigned int)[m[K’
   26 |     void [01;36m[KsetSubTarget[m[K(unsigned int value);
      |          [01;36m[K^~~~~~~~~~~~[m[K
[01m[K/home/happy/happy_ws/src/happy_robot/WoorobotSDK/include/../woorobot_sdk_cpp/MotorControl.h:26:10:[m[K [01;36m[Knote: [m[K  candidate expects 1 argument, 0 provided
make[2]: *** [CMakeFiles/motor_controller_lib.dir/build.make:63: CMakeFiles/motor_controller_lib.dir/src/motor_controller.cpp.o] Error 1
make[1]: *** [CMakeFiles/Makefile2:2732: CMakeFiles/motor_controller_lib.dir/all] Error 2
make[1]: *** Waiting for unfinished jobs....
/usr/bin/ld: CMakeFiles/sim_vel_converter.dir/src/sim_vel_converter.cpp.o: in function `VelConverter::VelConverter(ros::NodeHandle&)':
sim_vel_converter.cpp:(.text._ZN12VelConverterC2ERN3ros10NodeHandleE[_ZN12VelConverterC5ERN3ros10NodeHandleE]+0x320): undefined reference to `serial::Serial::Serial(std::__cxx11::basic_string<char, std::char_traits<char>, std::allocator<char> > const&, unsigned int, serial::Timeout, serial::bytesize_t, serial::parity_t, serial::stopbits_t, serial::flowcontrol_t)'
/usr/bin/ld: sim_vel_converter.cpp:(.text._ZN12VelConverterC2ERN3ros10NodeHandleE[_ZN12VelConverterC5ERN3ros10NodeHandleE]+0xcf0): undefined reference to `serial::Serial::~Serial()'
/usr/bin/ld: CMakeFiles/sim_vel_converter.dir/src/sim_vel_converter.cpp.o: in function `VelConverter::~VelConverter()':
sim_vel_converter.cpp:(.text._ZN12VelConverterD2Ev[_ZN12VelConverterD5Ev]+0xc8): undefined reference to `serial::Serial::~Serial()'
collect2: error: ld returned 1 exit status
make[2]: *** [CMakeFiles/sim_vel_converter.dir/build.make:334: /home/happy/happy_ws/devel/.private/happy_robo/lib/happy_robo/sim_vel_converter] Error 1
make[1]: *** [CMakeFiles/Makefile2:3440: CMakeFiles/sim_vel_converter.dir/all] Error 2
make: *** [Makefile:141: all] Error 2
