In file included from [01m[K/usr/include/aarch64-linux-gnu/c++/9/bits/c++allocator.h:33[m[K,
                 from [01m[K/usr/include/c++/9/bits/allocator.h:46[m[K,
                 from [01m[K/usr/include/c++/9/vector:64[m[K,
                 from [01m[K/home/happy/happy_ws/src/happy_robot/WoorobotSDK/include/SerialPortConnector.h:24[m[K,
                 from [01m[K/home/happy/happy_ws/src/happy_robot/include/motor_controller.h:2[m[K,
                 from [01m[K/home/happy/happy_ws/src/happy_robot/src/motor_controller.cpp:1[m[K:
/usr/include/c++/9/ext/new_allocator.h: In instantiation of ‘[01m[Kclass __gnu_cxx::new_allocator<Controller&>[m[K’:
[01m[K/usr/include/c++/9/bits/allocator.h:111:11:[m[K   required from ‘[01m[Kclass std::allocator<Controller&>[m[K’
[01m[K/usr/include/c++/9/bits/stl_vector.h:84:21:[m[K   required from ‘[01m[Kstruct std::_Vector_base<Controller&, std::allocator<Controller&> >[m[K’
[01m[K/usr/include/c++/9/bits/stl_vector.h:386:11:[m[K   required from ‘[01m[Kclass std::vector<Controller&>[m[K’
[01m[K/home/happy/happy_ws/src/happy_robot/include/motor_controller.h:26:30:[m[K   required from here
[01m[K/usr/include/c++/9/ext/new_allocator.h:63:26:[m[K [01;31m[Kerror: [m[Kforming pointer to reference type ‘[01m[KController&[m[K’
   63 |       typedef _Tp*       [01;31m[Kpointer[m[K;
      |                          [01;31m[K^~~~~~~[m[K
[01m[K/usr/include/c++/9/ext/new_allocator.h:64:26:[m[K [01;31m[Kerror: [m[Kforming pointer to reference type ‘[01m[KController&[m[K’
   64 |       typedef const _Tp* [01;31m[Kconst_pointer[m[K;
      |                          [01;31m[K^~~~~~~~~~~~~[m[K
In file included from [01m[K/usr/include/c++/9/vector:64[m[K,
                 from [01m[K/home/happy/happy_ws/src/happy_robot/WoorobotSDK/include/SerialPortConnector.h:24[m[K,
                 from [01m[K/home/happy/happy_ws/src/happy_robot/include/motor_controller.h:2[m[K,
                 from [01m[K/home/happy/happy_ws/src/happy_robot/src/motor_controller.cpp:1[m[K:
/usr/include/c++/9/bits/allocator.h: In instantiation of ‘[01m[Kclass std::allocator<Controller&>[m[K’:
[01m[K/usr/include/c++/9/bits/stl_vector.h:84:21:[m[K   required from ‘[01m[Kstruct std::_Vector_base<Controller&, std::allocator<Controller&> >[m[K’
[01m[K/usr/include/c++/9/bits/stl_vector.h:386:11:[m[K   required from ‘[01m[Kclass std::vector<Controller&>[m[K’
[01m[K/home/happy/happy_ws/src/happy_robot/include/motor_controller.h:26:30:[m[K   required from here
[01m[K/usr/include/c++/9/bits/allocator.h:116:26:[m[K [01;31m[Kerror: [m[Kforming pointer to reference type ‘[01m[KController&[m[K’
  116 |       typedef _Tp*       [01;31m[Kpointer[m[K;
      |                          [01;31m[K^~~~~~~[m[K
[01m[K/usr/include/c++/9/bits/allocator.h:117:26:[m[K [01;31m[Kerror: [m[Kforming pointer to reference type ‘[01m[KController&[m[K’
  117 |       typedef const _Tp* [01;31m[Kconst_pointer[m[K;
      |                          [01;31m[K^~~~~~~~~~~~~[m[K
In file included from [01m[K/usr/include/c++/9/ext/alloc_traits.h:36[m[K,
                 from [01m[K/usr/include/c++/9/bits/stl_construct.h:61[m[K,
                 from [01m[K/usr/include/c++/9/vector:65[m[K,
                 from [01m[K/home/happy/happy_ws/src/happy_robot/WoorobotSDK/include/SerialPortConnector.h:24[m[K,
                 from [01m[K/home/happy/happy_ws/src/happy_robot/include/motor_controller.h:2[m[K,
                 from [01m[K/home/happy/happy_ws/src/happy_robot/src/motor_controller.cpp:1[m[K:
/usr/include/c++/9/bits/alloc_traits.h: In instantiation of ‘[01m[Kstruct std::allocator_traits<std::allocator<Controller&> >[m[K’:
[01m[K/usr/include/c++/9/ext/alloc_traits.h:50:10:[m[K   required from ‘[01m[Kstruct __gnu_cxx::__alloc_traits<std::allocator<Controller&>, Controller&>[m[K’
[01m[K/usr/include/c++/9/bits/stl_vector.h:84:21:[m[K   required from ‘[01m[Kstruct std::_Vector_base<Controller&, std::allocator<Controller&> >[m[K’
[01m[K/usr/include/c++/9/bits/stl_vector.h:386:11:[m[K   required from ‘[01m[Kclass std::vector<Controller&>[m[K’
[01m[K/home/happy/happy_ws/src/happy_robot/include/motor_controller.h:26:30:[m[K   required from here
[01m[K/usr/include/c++/9/bits/alloc_traits.h:399:13:[m[K [01;31m[Kerror: [m[Kforming pointer to reference type ‘[01m[KController&[m[K’
  399 |       using [01;31m[Kpointer[m[K = _Tp*;
      |             [01;31m[K^~~~~~~[m[K
[01m[K/usr/include/c++/9/bits/alloc_traits.h:402:13:[m[K [01;31m[Kerror: [m[Kforming pointer to reference type ‘[01m[KController&[m[K’
  402 |       using [01;31m[Kconst_pointer[m[K = const _Tp*;
      |             [01;31m[K^~~~~~~~~~~~~[m[K
In file included from [01m[K/usr/include/c++/9/bits/stl_construct.h:61[m[K,
                 from [01m[K/usr/include/c++/9/vector:65[m[K,
                 from [01m[K/home/happy/happy_ws/src/happy_robot/WoorobotSDK/include/SerialPortConnector.h:24[m[K,
                 from [01m[K/home/happy/happy_ws/src/happy_robot/include/motor_controller.h:2[m[K,
                 from [01m[K/home/happy/happy_ws/src/happy_robot/src/motor_controller.cpp:1[m[K:
/usr/include/c++/9/ext/alloc_traits.h: In instantiation of ‘[01m[Kstruct __gnu_cxx::__alloc_traits<std::allocator<Controller&>, Controller&>[m[K’:
[01m[K/usr/include/c++/9/bits/stl_vector.h:84:21:[m[K   required from ‘[01m[Kstruct std::_Vector_base<Controller&, std::allocator<Controller&> >[m[K’
[01m[K/usr/include/c++/9/bits/stl_vector.h:386:11:[m[K   required from ‘[01m[Kclass std::vector<Controller&>[m[K’
[01m[K/home/happy/happy_ws/src/happy_robot/include/motor_controller.h:26:30:[m[K   required from here
[01m[K/usr/include/c++/9/ext/alloc_traits.h:66:23:[m[K [01;31m[Kerror: [m[Kno members matching ‘[01m[K__gnu_cxx::__alloc_traits<std::allocator<Controller&>, Controller&>::_Base_type {aka std::allocator_traits<std::allocator<Controller&> >}::allocate[m[K’ in ‘[01m[K__gnu_cxx::__alloc_traits<std::allocator<Controller&>, Controller&>::_Base_type[m[K’ {aka ‘[01m[Kstruct std::allocator_traits<std::allocator<Controller&> >[m[K’}
   66 |     using _Base_type::[01;31m[Kallocate[m[K;
      |                       [01;31m[K^~~~~~~~[m[K
[01m[K/usr/include/c++/9/ext/alloc_traits.h:67:23:[m[K [01;31m[Kerror: [m[Kno members matching ‘[01m[K__gnu_cxx::__alloc_traits<std::allocator<Controller&>, Controller&>::_Base_type {aka std::allocator_traits<std::allocator<Controller&> >}::deallocate[m[K’ in ‘[01m[K__gnu_cxx::__alloc_traits<std::allocator<Controller&>, Controller&>::_Base_type[m[K’ {aka ‘[01m[Kstruct std::allocator_traits<std::allocator<Controller&> >[m[K’}
   67 |     using _Base_type::[01;31m[Kdeallocate[m[K;
      |                       [01;31m[K^~~~~~~~~~[m[K
In file included from [01m[K/usr/include/c++/9/vector:67[m[K,
                 from [01m[K/home/happy/happy_ws/src/happy_robot/WoorobotSDK/include/SerialPortConnector.h:24[m[K,
                 from [01m[K/home/happy/happy_ws/src/happy_robot/include/motor_controller.h:2[m[K,
                 from [01m[K/home/happy/happy_ws/src/happy_robot/src/motor_controller.cpp:1[m[K:
/usr/include/c++/9/bits/stl_vector.h: In instantiation of ‘[01m[Kclass std::vector<Controller&>[m[K’:
[01m[K/home/happy/happy_ws/src/happy_robot/include/motor_controller.h:26:30:[m[K   required from here
[01m[K/usr/include/c++/9/bits/stl_vector.h:471:20:[m[K [01;31m[Kerror: [m[Kno members matching ‘[01m[Kstd::vector<Controller&>::_Base {aka std::_Vector_base<Controller&, std::allocator<Controller&> >}::_M_allocate[m[K’ in ‘[01m[Kstd::vector<Controller&>::_Base[m[K’ {aka ‘[01m[Kstruct std::_Vector_base<Controller&, std::allocator<Controller&> >[m[K’}
  471 |       using _Base::[01;31m[K_M_allocate[m[K;
      |                    [01;31m[K^~~~~~~~~~~[m[K
[01m[K/usr/include/c++/9/bits/stl_vector.h:472:20:[m[K [01;31m[Kerror: [m[Kno members matching ‘[01m[Kstd::vector<Controller&>::_Base {aka std::_Vector_base<Controller&, std::allocator<Controller&> >}::_M_deallocate[m[K’ in ‘[01m[Kstd::vector<Controller&>::_Base[m[K’ {aka ‘[01m[Kstruct std::_Vector_base<Controller&, std::allocator<Controller&> >[m[K’}
  472 |       using _Base::[01;31m[K_M_deallocate[m[K;
      |                    [01;31m[K^~~~~~~~~~~~~[m[K
[01m[K/usr/include/c++/9/bits/stl_vector.h:1165:7:[m[K [01;31m[Kerror: [m[Kforming pointer to reference type ‘[01m[KController&[m[K’
 1165 |       [01;31m[Kdata[m[K() _GLIBCXX_NOEXCEPT
      |       [01;31m[K^~~~[m[K
[01m[K/usr/include/c++/9/bits/stl_vector.h:1169:7:[m[K [01;31m[Kerror: [m[Kforming pointer to reference type ‘[01m[KController&[m[K’
 1169 |       [01;31m[Kdata[m[K() const _GLIBCXX_NOEXCEPT
      |       [01;31m[K^~~~[m[K
[01m[K/usr/include/c++/9/bits/stl_vector.h:1200:7:[m[K [01;31m[Kerror: [m[K‘[01m[Kvoid std::vector<_Tp, _Alloc>::push_back(std::vector<_Tp, _Alloc>::value_type&&) [with _Tp = Controller&; _Alloc = std::allocator<Controller&>; std::vector<_Tp, _Alloc>::value_type = Controller&][m[K’ cannot be overloaded with ‘[01m[Kvoid std::vector<_Tp, _Alloc>::push_back(const value_type&) [with _Tp = Controller&; _Alloc = std::allocator<Controller&>; std::vector<_Tp, _Alloc>::value_type = Controller&][m[K’
 1200 |       [01;31m[Kpush_back[m[K(value_type&& __x)
      |       [01;31m[K^~~~~~~~~[m[K
[01m[K/usr/include/c++/9/bits/stl_vector.h:1184:7:[m[K [01;36m[Knote: [m[Kprevious declaration ‘[01m[Kvoid std::vector<_Tp, _Alloc>::push_back(const value_type&) [with _Tp = Controller&; _Alloc = std::allocator<Controller&>; std::vector<_Tp, _Alloc>::value_type = Controller&][m[K’
 1184 |       [01;36m[Kpush_back[m[K(const value_type& __x)
      |       [01;36m[K^~~~~~~~~[m[K
[01m[K/home/happy/happy_ws/src/happy_robot/src/motor_controller.cpp:[m[K In constructor ‘[01m[KMotorController::MotorController(std::string, unsigned int, int)[m[K’:
[01m[K/home/happy/happy_ws/src/happy_robot/src/motor_controller.cpp:5:1:[m[K [01;31m[Kerror: [m[Kuninitialized reference member in ‘[01m[Kclass Controller&[m[K’ [[01;31m[K-fpermissive[m[K]
    5 | [01;31m[KMotorController[m[K::MotorController(std::string port, unsigned int speed, int motor_number) {
      | [01;31m[K^~~~~~~~~~~~~~~[m[K
In file included from [01m[K/home/happy/happy_ws/src/happy_robot/src/motor_controller.cpp:1[m[K:
[01m[K/home/happy/happy_ws/src/happy_robot/include/motor_controller.h:27:17:[m[K [01;36m[Knote: [m[K‘[01m[KController& MotorController::global_controller[m[K’ should be initialized
   27 |     Controller& [01;36m[Kglobal_controller[m[K;
      |                 [01;36m[K^~~~~~~~~~~~~~~~~[m[K
[01m[K/home/happy/happy_ws/src/happy_robot/src/motor_controller.cpp:21:34:[m[K [01;31m[Kerror: [m[Kcannot convert ‘[01m[KController*[m[K’ to ‘[01m[KController&[m[K’
   21 |         controllers_id.push_back([01;31m[K&controller[m[K);
      |                                  [01;31m[K^~~~~~~~~~~[m[K
      |                                  [01;31m[K|[m[K
      |                                  [01;31m[KController*[m[K
In file included from [01m[K/usr/include/c++/9/vector:67[m[K,
                 from [01m[K/home/happy/happy_ws/src/happy_robot/WoorobotSDK/include/SerialPortConnector.h:24[m[K,
                 from [01m[K/home/happy/happy_ws/src/happy_robot/include/motor_controller.h:2[m[K,
                 from [01m[K/home/happy/happy_ws/src/happy_robot/src/motor_controller.cpp:1[m[K:
[01m[K/usr/include/c++/9/bits/stl_vector.h:1184:35:[m[K [01;36m[Knote: [m[K  initializing argument 1 of ‘[01m[Kvoid std::vector<_Tp, _Alloc>::push_back(const value_type&) [with _Tp = Controller&; _Alloc = std::allocator<Controller&>; std::vector<_Tp, _Alloc>::value_type = Controller&][m[K’
 1184 |       push_back([01;36m[Kconst value_type& __x[m[K)
      |                 [01;36m[K~~~~~~~~~~~~~~~~~~^~~[m[K
[01m[K/home/happy/happy_ws/src/happy_robot/src/motor_controller.cpp:[m[K In member function ‘[01m[Kvoid MotorController::setDegree(int, float)[m[K’:
[01m[K/home/happy/happy_ws/src/happy_robot/src/motor_controller.cpp:47:50:[m[K [01;31m[Kerror: [m[Kno matching function for call to ‘[01m[KMotorControl::setSubTarget()[m[K’
   47 |     controllers_id[id].motorControl.setSubTarget([01;31m[K)[m[K;
      |                                                  [01;31m[K^[m[K
In file included from [01m[K/home/happy/happy_ws/src/happy_robot/WoorobotSDK/include/Controller.h:13[m[K,
                 from [01m[K/home/happy/happy_ws/src/happy_robot/WoorobotSDK/include/SerialPortConnector.h:33[m[K,
                 from [01m[K/home/happy/happy_ws/src/happy_robot/include/motor_controller.h:2[m[K,
                 from [01m[K/home/happy/happy_ws/src/happy_robot/src/motor_controller.cpp:1[m[K:
[01m[K/home/happy/happy_ws/src/happy_robot/WoorobotSDK/include/../woorobot_sdk_cpp/MotorControl.h:26:10:[m[K [01;36m[Knote: [m[Kcandidate: ‘[01m[Kvoid MotorControl::setSubTarget(unsigned int)[m[K’
   26 |     void [01;36m[KsetSubTarget[m[K(unsigned int value);
      |          [01;36m[K^~~~~~~~~~~~[m[K
[01m[K/home/happy/happy_ws/src/happy_robot/WoorobotSDK/include/../woorobot_sdk_cpp/MotorControl.h:26:10:[m[K [01;36m[Knote: [m[K  candidate expects 1 argument, 0 provided
[01m[K/home/happy/happy_ws/src/happy_robot/src/motor_controller.cpp:[m[K In member function ‘[01m[Kvoid MotorController::setRPM(int, float)[m[K’:
[01m[K/home/happy/happy_ws/src/happy_robot/src/motor_controller.cpp:71:50:[m[K [01;31m[Kerror: [m[Kno matching function for call to ‘[01m[KMotorControl::setSubTarget()[m[K’
   71 |     controllers_id[id].motorControl.setSubTarget([01;31m[K)[m[K;
      |                                                  [01;31m[K^[m[K
In file included from [01m[K/home/happy/happy_ws/src/happy_robot/WoorobotSDK/include/Controller.h:13[m[K,
                 from [01m[K/home/happy/happy_ws/src/happy_robot/WoorobotSDK/include/SerialPortConnector.h:33[m[K,
                 from [01m[K/home/happy/happy_ws/src/happy_robot/include/motor_controller.h:2[m[K,
                 from [01m[K/home/happy/happy_ws/src/happy_robot/src/motor_controller.cpp:1[m[K:
[01m[K/home/happy/happy_ws/src/happy_robot/WoorobotSDK/include/../woorobot_sdk_cpp/MotorControl.h:26:10:[m[K [01;36m[Knote: [m[Kcandidate: ‘[01m[Kvoid MotorControl::setSubTarget(unsigned int)[m[K’
   26 |     void [01;36m[KsetSubTarget[m[K(unsigned int value);
      |          [01;36m[K^~~~~~~~~~~~[m[K
[01m[K/home/happy/happy_ws/src/happy_robot/WoorobotSDK/include/../woorobot_sdk_cpp/MotorControl.h:26:10:[m[K [01;36m[Knote: [m[K  candidate expects 1 argument, 0 provided
In file included from [01m[K/usr/include/c++/9/vector:67[m[K,
                 from [01m[K/home/happy/happy_ws/src/happy_robot/WoorobotSDK/include/SerialPortConnector.h:24[m[K,
                 from [01m[K/home/happy/happy_ws/src/happy_robot/include/motor_controller.h:2[m[K,
                 from [01m[K/home/happy/happy_ws/src/happy_robot/src/motor_controller.cpp:1[m[K:
/usr/include/c++/9/bits/stl_vector.h: In instantiation of ‘[01m[Kstd::_Vector_base<_Tp, _Alloc>::~_Vector_base() [with _Tp = Controller&; _Alloc = std::allocator<Controller&>][m[K’:
[01m[K/usr/include/c++/9/bits/stl_vector.h:484:7:[m[K   required from here
[01m[K/usr/include/c++/9/bits/stl_vector.h:332:24:[m[K [01;31m[Kerror: [m[K‘[01m[Kstruct std::_Vector_base<Controller&, std::allocator<Controller&> >::_Vector_impl[m[K’ has no member named ‘[01m[K_M_start[m[K’
  332 |  _M_deallocate([01;31m[K_M_impl._M_start[m[K,
      |                [01;31m[K~~~~~~~~^~~~~~~~[m[K
[01m[K/usr/include/c++/9/bits/stl_vector.h:333:17:[m[K [01;31m[Kerror: [m[K‘[01m[Kstruct std::_Vector_base<Controller&, std::allocator<Controller&> >::_Vector_impl[m[K’ has no member named ‘[01m[K_M_end_of_storage[m[K’
  333 |         [01;31m[K_M_impl._M_end_of_storage[m[K - _M_impl._M_start);
      |         [01;31m[K~~~~~~~~^~~~~~~~~~~~~~~~~[m[K
[01m[K/usr/include/c++/9/bits/stl_vector.h:333:45:[m[K [01;31m[Kerror: [m[K‘[01m[Kstruct std::_Vector_base<Controller&, std::allocator<Controller&> >::_Vector_impl[m[K’ has no member named ‘[01m[K_M_start[m[K’
  333 |         _M_impl._M_end_of_storage - [01;31m[K_M_impl._M_start[m[K);
      |                                     [01;31m[K~~~~~~~~^~~~~~~~[m[K
/usr/include/c++/9/bits/stl_vector.h: In instantiation of ‘[01m[Kstd::vector<_Tp, _Alloc>::~vector() [with _Tp = Controller&; _Alloc = std::allocator<Controller&>][m[K’:
[01m[K/home/happy/happy_ws/src/happy_robot/src/motor_controller.cpp:5:88:[m[K   required from here
[01m[K/usr/include/c++/9/bits/stl_vector.h:677:30:[m[K [01;31m[Kerror: [m[K‘[01m[Kstruct std::_Vector_base<Controller&, std::allocator<Controller&> >::_Vector_impl[m[K’ has no member named ‘[01m[K_M_start[m[K’
  677 |  std::_Destroy([01;31m[Kthis->_M_impl._M_start[m[K, this->_M_impl._M_finish,
      |                [01;31m[K~~~~~~~~~~~~~~^~~~~~~~[m[K
[01m[K/usr/include/c++/9/bits/stl_vector.h:677:54:[m[K [01;31m[Kerror: [m[K‘[01m[Kstruct std::_Vector_base<Controller&, std::allocator<Controller&> >::_Vector_impl[m[K’ has no member named ‘[01m[K_M_finish[m[K’
  677 |  std::_Destroy(this->_M_impl._M_start, [01;31m[Kthis->_M_impl._M_finish[m[K,
      |                                        [01;31m[K~~~~~~~~~~~~~~^~~~~~~~~[m[K
/usr/include/c++/9/bits/stl_vector.h: In instantiation of ‘[01m[Kstd::vector<_Tp, _Alloc>::reference std::vector<_Tp, _Alloc>::operator[](std::vector<_Tp, _Alloc>::size_type) [with _Tp = Controller&; _Alloc = std::allocator<Controller&>; std::vector<_Tp, _Alloc>::reference = Controller&; std::vector<_Tp, _Alloc>::size_type = long unsigned int][m[K’:
[01m[K/home/happy/happy_ws/src/happy_robot/src/motor_controller.cpp:30:54:[m[K   required from here
[01m[K/usr/include/c++/9/bits/stl_vector.h:1043:25:[m[K [01;31m[Kerror: [m[K‘[01m[Kstruct std::_Vector_base<Controller&, std::allocator<Controller&> >::_Vector_impl[m[K’ has no member named ‘[01m[K_M_start[m[K’
 1043 |  return *([01;31m[Kthis->_M_impl._M_start[m[K + __n);
      |           [01;31m[K~~~~~~~~~~~~~~^~~~~~~~[m[K
/usr/include/c++/9/bits/stl_vector.h: In instantiation of ‘[01m[Kstd::_Vector_base<_Tp, _Alloc>::_Vector_impl_data::_Vector_impl_data() [with _Tp = Controller&; _Alloc = std::allocator<Controller&>][m[K’:
[01m[K/usr/include/c++/9/bits/stl_vector.h:130:19:[m[K   required from ‘[01m[Kstd::_Vector_base<_Tp, _Alloc>::_Vector_impl::_Vector_impl() [with _Tp = Controller&; _Alloc = std::allocator<Controller&>][m[K’
[01m[K/usr/include/c++/9/bits/stl_vector.h:285:7:[m[K   required from here
[01m[K/usr/include/c++/9/bits/stl_vector.h:95:47:[m[K [01;31m[Kerror: [m[Kusing invalid field ‘[01m[Kstd::_Vector_base<_Tp, _Alloc>::_Vector_impl_data::_M_start[m[K’
   95 |  : _M_start(), _M_finish(), _M_end_of_storage([01;31m[K)[m[K
      |                                               [01;31m[K^[m[K
[01m[K/usr/include/c++/9/bits/stl_vector.h:95:47:[m[K [01;31m[Kerror: [m[Kusing invalid field ‘[01m[Kstd::_Vector_base<_Tp, _Alloc>::_Vector_impl_data::_M_finish[m[K’
[01m[K/usr/include/c++/9/bits/stl_vector.h:95:47:[m[K [01;31m[Kerror: [m[Kusing invalid field ‘[01m[Kstd::_Vector_base<_Tp, _Alloc>::_Vector_impl_data::_M_end_of_storage[m[K’
make[2]: *** [CMakeFiles/motor_controller_lib.dir/build.make:63: CMakeFiles/motor_controller_lib.dir/src/motor_controller.cpp.o] Error 1
make[1]: *** [CMakeFiles/Makefile2:860: CMakeFiles/motor_controller_lib.dir/all] Error 2
make: *** [Makefile:141: all] Error 2
