[01m[K/home/happy/happy_ws/src/happy_robot/src/vel_converter_sdk.cpp:581:56:[m[K [01;31m[Kerror: [m[K‘[01m[Kmotor_number[m[K’ is not a type
  581 |         std::vector<float> lastest_wheel_motor_values ([01;31m[Kmotor_number[m[K, 0.0);
      |                                                        [01;31m[K^~~~~~~~~~~~[m[K
[01m[K/home/happy/happy_ws/src/happy_robot/src/vel_converter_sdk.cpp:581:70:[m[K [01;31m[Kerror: [m[Kexpected identifier before numeric constant
  581 |         std::vector<float> lastest_wheel_motor_values (motor_number, [01;31m[K0.0[m[K);
      |                                                                      [01;31m[K^~~[m[K
[01m[K/home/happy/happy_ws/src/happy_robot/src/vel_converter_sdk.cpp:581:70:[m[K [01;31m[Kerror: [m[Kexpected ‘[01m[K,[m[K’ or ‘[01m[K...[m[K’ before numeric constant
[01m[K/home/happy/happy_ws/src/happy_robot/src/vel_converter_sdk.cpp:582:56:[m[K [01;31m[Kerror: [m[K‘[01m[Kmotor_number[m[K’ is not a type
  582 |         std::vector<float> lastest_wheel_motor_inputs ([01;31m[Kmotor_number[m[K, 0.0);
      |                                                        [01;31m[K^~~~~~~~~~~~[m[K
[01m[K/home/happy/happy_ws/src/happy_robot/src/vel_converter_sdk.cpp:582:70:[m[K [01;31m[Kerror: [m[Kexpected identifier before numeric constant
  582 |         std::vector<float> lastest_wheel_motor_inputs (motor_number, [01;31m[K0.0[m[K);
      |                                                                      [01;31m[K^~~[m[K
[01m[K/home/happy/happy_ws/src/happy_robot/src/vel_converter_sdk.cpp:582:70:[m[K [01;31m[Kerror: [m[Kexpected ‘[01m[K,[m[K’ or ‘[01m[K...[m[K’ before numeric constant
In file included from [01m[K/opt/ros/noetic/include/ros/ros.h:40[m[K,
                 from [01m[K/home/happy/happy_ws/src/happy_robot/src/vel_converter_sdk.cpp:1[m[K:
[01m[K/home/happy/happy_ws/src/happy_robot/src/vel_converter_sdk.cpp:[m[K In member function ‘[01m[Kvoid VelConverter::smoothSwerveDriveControllerCallback(const ConstPtr&)[m[K’:
[01m[K/home/happy/happy_ws/src/happy_robot/src/vel_converter_sdk.cpp:140:31:[m[K [01;35m[Kwarning: [m[Kformat ‘[01m[K%d[m[K’ expects argument of type ‘[01m[Kint[m[K’, but argument 9 has type ‘[01m[Kdouble[m[K’ [[01;35m[K-Wformat=[m[K]
  140 |                     ROS_ERROR([01;35m[K"%d motor_input overs 75 : %d"[m[K, jdx, [32m[Kmotor_input[m[K);
      |                               [01;35m[K^~~~~~~~~~~~~~~~~~~~~~~~~~~~~~[m[K       [32m[K~~~~~~~~~~~[m[K
      |                                                                    [32m[K|[m[K
      |                                                                    [32m[Kdouble[m[K
[01m[K/opt/ros/noetic/include/ros/console.h:351:165:[m[K [01;36m[Knote: [m[Kin definition of macro ‘[01m[KROSCONSOLE_PRINT_AT_LOCATION_WITH_FILTER[m[K’
  351 |     ::ros::console::print(filter, __rosconsole_define_location__loc.logger_, __rosconsole_define_location__loc.level_, __FILE__, __LINE__, __ROSCONSOLE_FUNCTION__, [01;36m[K__VA_ARGS__[m[K)
      |                                                                                                                                                                     [01;36m[K^~~~~~~~~~~[m[K
[01m[K/opt/ros/noetic/include/ros/console.h:390:7:[m[K [01;36m[Knote: [m[Kin expansion of macro ‘[01m[KROSCONSOLE_PRINT_AT_LOCATION[m[K’
  390 |       [01;36m[KROSCONSOLE_PRINT_AT_LOCATION[m[K(__VA_ARGS__); \
      |       [01;36m[K^~~~~~~~~~~~~~~~~~~~~~~~~~~~[m[K
[01m[K/opt/ros/noetic/include/ros/console.h:575:35:[m[K [01;36m[Knote: [m[Kin expansion of macro ‘[01m[KROS_LOG_COND[m[K’
  575 | #define ROS_LOG(level, name, ...) [01;36m[KROS_LOG_COND[m[K(true, level, name, __VA_ARGS__)
      |                                   [01;36m[K^~~~~~~~~~~~[m[K
[01m[K/opt/ros/noetic/include/rosconsole/macros_generated.h:214:24:[m[K [01;36m[Knote: [m[Kin expansion of macro ‘[01m[KROS_LOG[m[K’
  214 | #define ROS_ERROR(...) [01;36m[KROS_LOG[m[K(::ros::console::levels::Error, ROSCONSOLE_DEFAULT_NAME, __VA_ARGS__)
      |                        [01;36m[K^~~~~~~[m[K
[01m[K/home/happy/happy_ws/src/happy_robot/src/vel_converter_sdk.cpp:140:21:[m[K [01;36m[Knote: [m[Kin expansion of macro ‘[01m[KROS_ERROR[m[K’
  140 |                     [01;36m[KROS_ERROR[m[K("%d motor_input overs 75 : %d", jdx, motor_input);
      |                     [01;36m[K^~~~~~~~~[m[K
[01m[K/home/happy/happy_ws/src/happy_robot/src/vel_converter_sdk.cpp:140:59:[m[K [01;36m[Knote: [m[Kformat string is defined here
  140 |                     ROS_ERROR("%d motor_input overs 75 : [01;36m[K%d[m[K", jdx, motor_input);
      |                                                          [01;36m[K~^[m[K
      |                                                           [01;36m[K|[m[K
      |                                                           [01;36m[Kint[m[K
      |                                                          [32m[K%f[m[K
[01m[K/home/happy/happy_ws/src/happy_robot/src/vel_converter_sdk.cpp:146:17:[m[K [01;31m[Kerror: [m[Kinvalid use of member function ‘[01m[Kstd::vector<float> VelConverter::lastest_wheel_motor_inputs(int, int)[m[K’ (did you forget the ‘[01m[K()[m[K’ ?)
  146 |                 [01;31m[Klastest_wheel_motor_inputs[m[K = {};
      |                 [01;31m[K^~~~~~~~~~~~~~~~~~~~~~~~~~[m[K
[01m[K/home/happy/happy_ws/src/happy_robot/src/vel_converter_sdk.cpp:147:17:[m[K [01;31m[Kerror: [m[Kinvalid use of member function ‘[01m[Kstd::vector<float> VelConverter::lastest_wheel_motor_inputs(int, int)[m[K’ (did you forget the ‘[01m[K()[m[K’ ?)
  147 |                 [01;31m[Klastest_wheel_motor_inputs[m[K.resize(8);
      |                 [01;31m[K^~~~~~~~~~~~~~~~~~~~~~~~~~[m[K
[01m[K/home/happy/happy_ws/src/happy_robot/src/vel_converter_sdk.cpp:148:37:[m[K [01;31m[Kerror: [m[Kinvalid use of member function ‘[01m[Kstd::vector<float> VelConverter::lastest_wheel_motor_inputs(int, int)[m[K’ (did you forget the ‘[01m[K()[m[K’ ?)
  148 |                 for (int idx=0; idx<[01;31m[Klastest_wheel_motor_inputs[m[K.size(); idx++) {
      |                                     [01;31m[K^~~~~~~~~~~~~~~~~~~~~~~~~~[m[K
[01m[K/home/happy/happy_ws/src/happy_robot/src/vel_converter_sdk.cpp:148:64:[m[K [01;31m[Kerror: [m[Kexpected ‘[01m[K;[m[K’ before ‘[01m[Ksize[m[K’
  148 |                 for (int idx=0; idx<lastest_wheel_motor_inputs.[01;31m[Ks[m[K[32m[Kize[m[K(); idx++) {
      |                                                                [01;31m[K^[m[K[32m[K~~~[m[K
      |                                                                [32m[K;[m[K
[01m[K/home/happy/happy_ws/src/happy_robot/src/vel_converter_sdk.cpp:148:64:[m[K [01;31m[Kerror: [m[K‘[01m[Ksize[m[K’ was not declared in this scope
  148 |                 for (int idx=0; idx<lastest_wheel_motor_inputs.[01;31m[Ksize[m[K(); idx++) {
      |                                                                [01;31m[K^~~~[m[K
[01m[K/home/happy/happy_ws/src/happy_robot/src/vel_converter_sdk.cpp:148:64:[m[K [01;36m[Knote: [m[Ksuggested alternatives:
In file included from [01m[K/usr/include/boost/range/functions.hpp:20[m[K,
                 from [01m[K/usr/include/boost/range/iterator_range_core.hpp:38[m[K,
                 from [01m[K/usr/include/boost/lexical_cast.hpp:30[m[K,
                 from [01m[K/opt/ros/noetic/include/ros/transport_hints.h:34[m[K,
                 from [01m[K/opt/ros/noetic/include/ros/subscribe_options.h:33[m[K,
                 from [01m[K/opt/ros/noetic/include/ros/node_handle.h:42[m[K,
                 from [01m[K/opt/ros/noetic/include/ros/ros.h:45[m[K,
                 from [01m[K/home/happy/happy_ws/src/happy_robot/src/vel_converter_sdk.cpp:1[m[K:
[01m[K/usr/include/boost/range/size.hpp:55:5:[m[K [01;36m[Knote: [m[K  ‘[01m[Kboost::size[m[K’
   55 |     [01;36m[Ksize[m[K(const SinglePassRange& rng)
      |     [01;36m[K^~~~[m[K
In file included from [01m[K/usr/include/boost/mpl/list/aux_/size.hpp:17[m[K,
                 from [01m[K/usr/include/boost/mpl/list/list0.hpp:25[m[K,
                 from [01m[K/usr/include/boost/mpl/list/list10.hpp:18[m[K,
                 from [01m[K/usr/include/boost/mpl/list/list20.hpp:18[m[K,
                 from [01m[K/usr/include/boost/mpl/list.hpp:36[m[K,
                 from [01m[K/usr/include/boost/math/policies/policy.hpp:9[m[K,
                 from [01m[K/usr/include/boost/math/policies/error_handling.hpp:21[m[K,
                 from [01m[K/usr/include/boost/math/special_functions/round.hpp:14[m[K,
                 from [01m[K/opt/ros/noetic/include/ros/time.h:58[m[K,
                 from [01m[K/opt/ros/noetic/include/ros/ros.h:38[m[K,
                 from [01m[K/home/happy/happy_ws/src/happy_robot/src/vel_converter_sdk.cpp:1[m[K:
[01m[K/usr/include/boost/mpl/size_fwd.hpp:20:38:[m[K [01;36m[Knote: [m[K  ‘[01m[Kboost::mpl::size[m[K’
   20 | template< typename Sequence > struct [01;36m[Ksize[m[K;
      |                                      [01;36m[K^~~~[m[K
[01m[K/home/happy/happy_ws/src/happy_robot/src/vel_converter_sdk.cpp:148:70:[m[K [01;31m[Kerror: [m[Kexpected ‘[01m[K)[m[K’ before ‘[01m[K;[m[K’ token
  148 |                 for [34m[K([m[Kint idx=0; idx<lastest_wheel_motor_inputs.size()[01;31m[K;[m[K idx++) {
      |                     [34m[K~[m[K                                                [01;31m[K^[m[K
      |                                                                      [32m[K)[m[K
[01m[K/home/happy/happy_ws/src/happy_robot/src/vel_converter_sdk.cpp:148:72:[m[K [01;31m[Kerror: [m[K‘[01m[Kidx[m[K’ was not declared in this scope; did you mean ‘[01m[Kjdx[m[K’?
  148 |                 for (int idx=0; idx<lastest_wheel_motor_inputs.size(); [01;31m[Kidx[m[K++) {
      |                                                                        [01;31m[K^~~[m[K
      |                                                                        [32m[Kjdx[m[K
[01m[K/home/happy/happy_ws/src/happy_robot/src/vel_converter_sdk.cpp:158:86:[m[K [01;31m[Kerror: [m[Kinvalid types ‘[01m[K<unresolved overloaded function type>[int][m[K’ for array subscript
  158 |                         steer_angle_diff.push_back(abs(lastest_wheel_motor_inputs[idx[01;31m[K][m[K - lastest_wheel_motor_values[idx]));
      |                                                                                      [01;31m[K^[m[K
[01m[K/home/happy/happy_ws/src/happy_robot/src/vel_converter_sdk.cpp:158:120:[m[K [01;31m[Kerror: [m[Kinvalid types ‘[01m[K<unresolved overloaded function type>[int][m[K’ for array subscript
  158 |                         steer_angle_diff.push_back(abs(lastest_wheel_motor_inputs[idx] - lastest_wheel_motor_values[idx[01;31m[K][m[K));
      |                                                                                                                        [01;31m[K^[m[K
[01m[K/home/happy/happy_ws/src/happy_robot/src/vel_converter_sdk.cpp:173:42:[m[K [01;31m[Kerror: [m[Krequest for member ‘[01m[KsetRPM[m[K’ in ‘[01m[K((VelConverter*)this)->VelConverter::motor_controller[m[K’, which is of pointer type ‘[01m[KMotorController*[m[K’ (maybe you meant to use ‘[01m[K->[m[K’ ?)
  173 |                         motor_controller.[01;31m[KsetRPM[m[K(idx+1, drive_motor_inputs[idx]);
      |                                          [01;31m[K^~~~~~[m[K
[01m[K/home/happy/happy_ws/src/happy_robot/src/vel_converter_sdk.cpp:176:41:[m[K [01;31m[Kerror: [m[Krequest for member ‘[01m[KsetDegree[m[K’ in ‘[01m[K((VelConverter*)this)->VelConverter::motor_controller[m[K’, which is of pointer type ‘[01m[KMotorController*[m[K’ (maybe you meant to use ‘[01m[K->[m[K’ ?)
  176 |                        motor_controller.[01;31m[KsetDegree[m[K(idx+drive_motor_inputs.size()+1, steer_motor_inputs[idx]);
      |                                         [01;31m[K^~~~~~~~~[m[K
[01m[K/home/happy/happy_ws/src/happy_robot/src/vel_converter_sdk.cpp:180:42:[m[K [01;31m[Kerror: [m[Krequest for member ‘[01m[KsetRPM[m[K’ in ‘[01m[K((VelConverter*)this)->VelConverter::motor_controller[m[K’, which is of pointer type ‘[01m[KMotorController*[m[K’ (maybe you meant to use ‘[01m[K->[m[K’ ?)
  180 |                         motor_controller.[01;31m[KsetRPM[m[K(idx, 0);
      |                                          [01;31m[K^~~~~~[m[K
[01m[K/home/happy/happy_ws/src/happy_robot/src/vel_converter_sdk.cpp:185:41:[m[K [01;31m[Kerror: [m[Krequest for member ‘[01m[KsetDegree[m[K’ in ‘[01m[K((VelConverter*)this)->VelConverter::motor_controller[m[K’, which is of pointer type ‘[01m[KMotorController*[m[K’ (maybe you meant to use ‘[01m[K->[m[K’ ?)
  185 |                        motor_controller.[01;31m[KsetDegree[m[K(idx+drive_motor_inputs.size()+1, steer_motor_inputs[idx]);
      |                                         [01;31m[K^~~~~~~~~[m[K
[01m[K/home/happy/happy_ws/src/happy_robot/src/vel_converter_sdk.cpp:189:42:[m[K [01;31m[Kerror: [m[Krequest for member ‘[01m[KsetRPM[m[K’ in ‘[01m[K((VelConverter*)this)->VelConverter::motor_controller[m[K’, which is of pointer type ‘[01m[KMotorController*[m[K’ (maybe you meant to use ‘[01m[K->[m[K’ ?)
  189 |                         motor_controller.[01;31m[KsetRPM[m[K(idx+1, drive_motor_inputs[idx]);
      |                                          [01;31m[K^~~~~~[m[K
[01m[K/home/happy/happy_ws/src/happy_robot/src/vel_converter_sdk.cpp:194:38:[m[K [01;31m[Kerror: [m[Krequest for member ‘[01m[KsetRPM[m[K’ in ‘[01m[K((VelConverter*)this)->VelConverter::motor_controller[m[K’, which is of pointer type ‘[01m[KMotorController*[m[K’ (maybe you meant to use ‘[01m[K->[m[K’ ?)
  194 |                     motor_controller.[01;31m[KsetRPM[m[K(idx+1, drive_motor_inputs[idx]);
      |                                      [01;31m[K^~~~~~[m[K
[01m[K/home/happy/happy_ws/src/happy_robot/src/vel_converter_sdk.cpp:197:38:[m[K [01;31m[Kerror: [m[Krequest for member ‘[01m[KsetDegree[m[K’ in ‘[01m[K((VelConverter*)this)->VelConverter::motor_controller[m[K’, which is of pointer type ‘[01m[KMotorController*[m[K’ (maybe you meant to use ‘[01m[K->[m[K’ ?)
  197 |                     motor_controller.[01;31m[KsetDegree[m[K(idx+drive_motor_inputs.size()+1, steer_motor_inputs[idx]);
      |                                      [01;31m[K^~~~~~~~~[m[K
[01m[K/home/happy/happy_ws/src/happy_robot/src/vel_converter_sdk.cpp:[m[K In member function ‘[01m[Kbool VelConverter::handlePing(std_srvs::Trigger::Request&, std_srvs::Trigger::Response&)[m[K’:
[01m[K/home/happy/happy_ws/src/happy_robot/src/vel_converter_sdk.cpp:212:53:[m[K [01;31m[Kerror: [m[Krequest for member ‘[01m[KpingTest[m[K’ in ‘[01m[K((VelConverter*)this)->VelConverter::motor_controller[m[K’, which is of pointer type ‘[01m[KMotorController*[m[K’ (maybe you meant to use ‘[01m[K->[m[K’ ?)
  212 |                 bool ping_result = motor_controller.[01;31m[KpingTest[m[K(idx);
      |                                                     [01;31m[K^~~~~~~~[m[K
[01m[K/home/happy/happy_ws/src/happy_robot/src/vel_converter_sdk.cpp:[m[K In member function ‘[01m[Kbool VelConverter::handleBrake(happy_robo::TriggerWithCommand::Request&, happy_robo::TriggerWithCommand::Response&)[m[K’:
[01m[K/home/happy/happy_ws/src/happy_robot/src/vel_converter_sdk.cpp:231:38:[m[K [01;31m[Kerror: [m[Krequest for member ‘[01m[KsetMotorBrake[m[K’ in ‘[01m[K((VelConverter*)this)->VelConverter::motor_controller[m[K’, which is of pointer type ‘[01m[KMotorController*[m[K’ (maybe you meant to use ‘[01m[K->[m[K’ ?)
  231 |                     motor_controller.[01;31m[KsetMotorBrake[m[K();
      |                                      [01;31m[K^~~~~~~~~~~~~[m[K
[01m[K/home/happy/happy_ws/src/happy_robot/src/vel_converter_sdk.cpp:235:38:[m[K [01;31m[Kerror: [m[Krequest for member ‘[01m[KsetOutterBrakeBefore[m[K’ in ‘[01m[K((VelConverter*)this)->VelConverter::motor_controller[m[K’, which is of pointer type ‘[01m[KMotorController*[m[K’ (maybe you meant to use ‘[01m[K->[m[K’ ?)
  235 |                     motor_controller.[01;31m[KsetOutterBrakeBefore[m[K();
      |                                      [01;31m[K^~~~~~~~~~~~~~~~~~~~[m[K
[01m[K/home/happy/happy_ws/src/happy_robot/src/vel_converter_sdk.cpp:238:34:[m[K [01;31m[Kerror: [m[Krequest for member ‘[01m[KsetMotorCmd[m[K’ in ‘[01m[K((VelConverter*)this)->VelConverter::motor_controller[m[K’, which is of pointer type ‘[01m[KMotorController*[m[K’ (maybe you meant to use ‘[01m[K->[m[K’ ?)
  238 |                 motor_controller.[01;31m[KsetMotorCmd[m[K(command);
      |                                  [01;31m[K^~~~~~~~~~~[m[K
[01m[K/home/happy/happy_ws/src/happy_robot/src/vel_converter_sdk.cpp:[m[K In member function ‘[01m[Kbool VelConverter::handleMotorInit(happy_robo::TriggerWithCommand::Request&, happy_robo::TriggerWithCommand::Response&)[m[K’:
[01m[K/home/happy/happy_ws/src/happy_robot/src/vel_converter_sdk.cpp:258:38:[m[K [01;31m[Kerror: [m[Krequest for member ‘[01m[KsetOutterBrakeBefore[m[K’ in ‘[01m[K((VelConverter*)this)->VelConverter::motor_controller[m[K’, which is of pointer type ‘[01m[KMotorController*[m[K’ (maybe you meant to use ‘[01m[K->[m[K’ ?)
  258 |                     motor_controller.[01;31m[KsetOutterBrakeBefore[m[K();
      |                                      [01;31m[K^~~~~~~~~~~~~~~~~~~~[m[K
[01m[K/home/happy/happy_ws/src/happy_robot/src/vel_converter_sdk.cpp:260:38:[m[K [01;31m[Kerror: [m[Krequest for member ‘[01m[KsetMotorCmd[m[K’ in ‘[01m[K((VelConverter*)this)->VelConverter::motor_controller[m[K’, which is of pointer type ‘[01m[KMotorController*[m[K’ (maybe you meant to use ‘[01m[K->[m[K’ ?)
  260 |                     motor_controller.[01;31m[KsetMotorCmd[m[K(3);
      |                                      [01;31m[K^~~~~~~~~~~[m[K
[01m[K/home/happy/happy_ws/src/happy_robot/src/vel_converter_sdk.cpp:263:34:[m[K [01;31m[Kerror: [m[Krequest for member ‘[01m[KinitializeMotor[m[K’ in ‘[01m[K((VelConverter*)this)->VelConverter::motor_controller[m[K’, which is of pointer type ‘[01m[KMotorController*[m[K’ (maybe you meant to use ‘[01m[K->[m[K’ ?)
  263 |                 motor_controller.[01;31m[KinitializeMotor[m[K(command+1);
      |                                  [01;31m[K^~~~~~~~~~~~~~~[m[K
[01m[K/home/happy/happy_ws/src/happy_robot/src/vel_converter_sdk.cpp:[m[K In member function ‘[01m[Kvoid VelConverter::outputMotorValuesSlow()[m[K’:
[01m[K/home/happy/happy_ws/src/happy_robot/src/vel_converter_sdk.cpp:349:64:[m[K [01;31m[Kerror: [m[Krequest for member ‘[01m[KgetRPM[m[K’ in ‘[01m[K((VelConverter*)this)->VelConverter::motor_controller[m[K’, which is of pointer type ‘[01m[KMotorController*[m[K’ (maybe you meant to use ‘[01m[K->[m[K’ ?)
  349 |                     float value = (idx < 5) ? motor_controller.[01;31m[KgetRPM[m[K(idx) : motor_controller.getDegree(idx);
      |                                                                [01;31m[K^~~~~~[m[K
[01m[K/home/happy/happy_ws/src/happy_robot/src/vel_converter_sdk.cpp:349:95:[m[K [01;31m[Kerror: [m[Krequest for member ‘[01m[KgetDegree[m[K’ in ‘[01m[K((VelConverter*)this)->VelConverter::motor_controller[m[K’, which is of pointer type ‘[01m[KMotorController*[m[K’ (maybe you meant to use ‘[01m[K->[m[K’ ?)
  349 |                     float value = (idx < 5) ? motor_controller.getRPM(idx) : motor_controller.[01;31m[KgetDegree[m[K(idx);
      |                                                                                               [01;31m[K^~~~~~~~~[m[K
[01m[K/home/happy/happy_ws/src/happy_robot/src/vel_converter_sdk.cpp:370:21:[m[K [01;31m[Kerror: [m[Kinvalid use of member function ‘[01m[Kstd::vector<float> VelConverter::lastest_wheel_motor_values(int, int)[m[K’ (did you forget the ‘[01m[K()[m[K’ ?)
  370 |                     [01;31m[Klastest_wheel_motor_values[m[K = {};
      |                     [01;31m[K^~~~~~~~~~~~~~~~~~~~~~~~~~[m[K
[01m[K/home/happy/happy_ws/src/happy_robot/src/vel_converter_sdk.cpp:373:25:[m[K [01;31m[Kerror: [m[Kinvalid use of member function ‘[01m[Kstd::vector<float> VelConverter::lastest_wheel_motor_values(int, int)[m[K’ (did you forget the ‘[01m[K()[m[K’ ?)
  373 |                         [01;31m[Klastest_wheel_motor_values[m[K.push_back(value);
      |                         [01;31m[K^~~~~~~~~~~~~~~~~~~~~~~~~~[m[K
[01m[K/home/happy/happy_ws/src/happy_robot/src/vel_converter_sdk.cpp:379:86:[m[K [01;31m[Kerror: [m[Kinvalid types ‘[01m[K<unresolved overloaded function type>[int][m[K’ for array subscript
  379 |                         steer_angle_diff.push_back(abs(lastest_wheel_motor_inputs[idx[01;31m[K][m[K - lastest_wheel_motor_values[idx]));
      |                                                                                      [01;31m[K^[m[K
[01m[K/home/happy/happy_ws/src/happy_robot/src/vel_converter_sdk.cpp:379:120:[m[K [01;31m[Kerror: [m[Kinvalid types ‘[01m[K<unresolved overloaded function type>[int][m[K’ for array subscript
  379 |                         steer_angle_diff.push_back(abs(lastest_wheel_motor_inputs[idx] - lastest_wheel_motor_values[idx[01;31m[K][m[K));
      |                                                                                                                        [01;31m[K^[m[K
In file included from [01m[K/opt/ros/noetic/include/ros/ros.h:40[m[K,
                 from [01m[K/home/happy/happy_ws/src/happy_robot/src/vel_converter_sdk.cpp:1[m[K:
[01m[K/home/happy/happy_ws/src/happy_robot/src/vel_converter_sdk.cpp:[m[K In member function ‘[01m[Kvoid VelConverter::stopModeCallback(const ConstPtr&)[m[K’:
[01m[K/home/happy/happy_ws/src/happy_robot/src/vel_converter_sdk.cpp:515:22:[m[K [01;35m[Kwarning: [m[Kformat ‘[01m[K%s[m[K’ expects argument of type ‘[01m[Kchar*[m[K’, but argument 8 has type ‘[01m[Kint[m[K’ [[01;35m[K-Wformat=[m[K]
  515 |             ROS_INFO([01;35m[K"Got Stop Mode MSG : %s"[m[K, [32m[Kmsg->data[m[K);
      |                      [01;35m[K^~~~~~~~~~~~~~~~~~~~~~~~[m[K  [32m[K~~~~~~~~~[m[K
      |                                                     [32m[K|[m[K
      |                                                     [32m[Kint[m[K
[01m[K/opt/ros/noetic/include/ros/console.h:351:165:[m[K [01;36m[Knote: [m[Kin definition of macro ‘[01m[KROSCONSOLE_PRINT_AT_LOCATION_WITH_FILTER[m[K’
  351 |     ::ros::console::print(filter, __rosconsole_define_location__loc.logger_, __rosconsole_define_location__loc.level_, __FILE__, __LINE__, __ROSCONSOLE_FUNCTION__, [01;36m[K__VA_ARGS__[m[K)
      |                                                                                                                                                                     [01;36m[K^~~~~~~~~~~[m[K
[01m[K/opt/ros/noetic/include/ros/console.h:390:7:[m[K [01;36m[Knote: [m[Kin expansion of macro ‘[01m[KROSCONSOLE_PRINT_AT_LOCATION[m[K’
  390 |       [01;36m[KROSCONSOLE_PRINT_AT_LOCATION[m[K(__VA_ARGS__); \
      |       [01;36m[K^~~~~~~~~~~~~~~~~~~~~~~~~~~~[m[K
[01m[K/opt/ros/noetic/include/ros/console.h:575:35:[m[K [01;36m[Knote: [m[Kin expansion of macro ‘[01m[KROS_LOG_COND[m[K’
  575 | #define ROS_LOG(level, name, ...) [01;36m[KROS_LOG_COND[m[K(true, level, name, __VA_ARGS__)
      |                                   [01;36m[K^~~~~~~~~~~~[m[K
[01m[K/opt/ros/noetic/include/rosconsole/macros_generated.h:110:23:[m[K [01;36m[Knote: [m[Kin expansion of macro ‘[01m[KROS_LOG[m[K’
  110 | #define ROS_INFO(...) [01;36m[KROS_LOG[m[K(::ros::console::levels::Info, ROSCONSOLE_DEFAULT_NAME, __VA_ARGS__)
      |                       [01;36m[K^~~~~~~[m[K
[01m[K/home/happy/happy_ws/src/happy_robot/src/vel_converter_sdk.cpp:515:13:[m[K [01;36m[Knote: [m[Kin expansion of macro ‘[01m[KROS_INFO[m[K’
  515 |             [01;36m[KROS_INFO[m[K("Got Stop Mode MSG : %s", msg->data);
      |             [01;36m[K^~~~~~~~[m[K
[01m[K/home/happy/happy_ws/src/happy_robot/src/vel_converter_sdk.cpp:515:44:[m[K [01;36m[Knote: [m[Kformat string is defined here
  515 |             ROS_INFO("Got Stop Mode MSG : [01;36m[K%s[m[K", msg->data);
      |                                           [01;36m[K~^[m[K
      |                                            [01;36m[K|[m[K
      |                                            [01;36m[Kchar*[m[K
      |                                           [32m[K%d[m[K
make[2]: *** [CMakeFiles/vel_converter_sdk.dir/build.make:63: CMakeFiles/vel_converter_sdk.dir/src/vel_converter_sdk.cpp.o] Error 1
make[1]: *** [CMakeFiles/Makefile2:368: CMakeFiles/vel_converter_sdk.dir/all] Error 2
make[1]: *** Waiting for unfinished jobs....
make: *** [Makefile:141: all] Error 2
