[01m[K/home/happy/happy_ws/src/happy_robot/WoorobotSDK/woorobot_sdk_cpp/Controller.cpp:388:2:[m[K [01;31m[Kerror: [m[K#elif without #if
  388 | #[01;31m[Kelif[m[K defined(__linux__)
      |  [01;31m[K^~~~[m[K
[01m[K/home/happy/happy_ws/src/happy_robot/WoorobotSDK/woorobot_sdk_cpp/Controller.cpp:400:2:[m[K [01;31m[Kerror: [m[K#endif without #if
  400 | #[01;31m[Kendif[m[K
      |  [01;31m[K^~~~~[m[K
[01m[K/home/happy/happy_ws/src/happy_robot/WoorobotSDK/woorobot_sdk_cpp/Controller.cpp:402:2:[m[K [01;31m[Kerror: [m[K#elif without #if
  402 | #[01;31m[Kelif[m[K defined(__linux__)
      |  [01;31m[K^~~~[m[K
[01m[K/home/happy/happy_ws/src/happy_robot/WoorobotSDK/woorobot_sdk_cpp/Controller.cpp:404:2:[m[K [01;31m[Kerror: [m[K#endif without #if
  404 | #[01;31m[Kendif[m[K
      |  [01;31m[K^~~~~[m[K
In file included from [01m[K/home/happy/happy_ws/src/happy_robot/WoorobotSDK/woorobot_sdk_cpp/Controller.cpp:1[m[K:
[01m[K/home/happy/happy_ws/src/happy_robot/WoorobotSDK/woorobot_sdk_cpp/../include/Controller.h:37:10:[m[K [01;31m[Kerror: [m[Kextra qualification ‘[01m[KController::[m[K’ on member ‘[01m[KrequestWithoutResponse[m[K’ [[01;31m[K-fpermissive[m[K]
   37 |     void [01;31m[KController[m[K::requestWithoutResponse(std::vector<uint8_t> request, std::string description);
      |          [01;31m[K^~~~~~~~~~[m[K
In file included from [01m[K/home/happy/happy_ws/src/happy_robot/WoorobotSDK/woorobot_sdk_cpp/Firmware.cpp:2[m[K:
[01m[K/home/happy/happy_ws/src/happy_robot/WoorobotSDK/woorobot_sdk_cpp/../include/Controller.h:37:10:[m[K [01;31m[Kerror: [m[Kextra qualification ‘[01m[KController::[m[K’ on member ‘[01m[KrequestWithoutResponse[m[K’ [[01;31m[K-fpermissive[m[K]
   37 |     void [01;31m[KController[m[K::requestWithoutResponse(std::vector<uint8_t> request, std::string description);
      |          [01;31m[K^~~~~~~~~~[m[K
[01m[K/home/happy/happy_ws/src/happy_robot/WoorobotSDK/woorobot_sdk_cpp/Controller.cpp:[m[K In member function ‘[01m[Kvoid Controller::requestWithoutResponse(std::vector<unsigned char>, std::string)[m[K’:
[01m[K/home/happy/happy_ws/src/happy_robot/WoorobotSDK/woorobot_sdk_cpp/Controller.cpp:375:17:[m[K [01;31m[Kerror: [m[Kreturn-statement with a value, in function returning ‘[01m[Kvoid[m[K’ [[01;31m[K-fpermissive[m[K]
  375 |         return {[01;31m[K}[m[K;
      |                 [01;31m[K^[m[K
[01m[K/home/happy/happy_ws/src/happy_robot/WoorobotSDK/woorobot_sdk_cpp/Controller.cpp:379:17:[m[K [01;31m[Kerror: [m[Kreturn-statement with a value, in function returning ‘[01m[Kvoid[m[K’ [[01;31m[K-fpermissive[m[K]
  379 |         return {[01;31m[K}[m[K;
      |                 [01;31m[K^[m[K
[01m[K/home/happy/happy_ws/src/happy_robot/WoorobotSDK/woorobot_sdk_cpp/Controller.cpp:398:17:[m[K [01;31m[Kerror: [m[Kreturn-statement with a value, in function returning ‘[01m[Kvoid[m[K’ [[01;31m[K-fpermissive[m[K]
  398 |         return {[01;31m[K}[m[K;
      |                 [01;31m[K^[m[K
In file included from [01m[K/home/happy/happy_ws/src/happy_robot/WoorobotSDK/include/SerialPortConnector.h:34[m[K,
                 from [01m[K/home/happy/happy_ws/src/happy_robot/WoorobotSDK/woorobot_sdk_cpp/MainCommConfig.cpp:2[m[K:
[01m[K/home/happy/happy_ws/src/happy_robot/WoorobotSDK/include/Controller.h:37:10:[m[K [01;31m[Kerror: [m[Kextra qualification ‘[01m[KController::[m[K’ on member ‘[01m[KrequestWithoutResponse[m[K’ [[01;31m[K-fpermissive[m[K]
   37 |     void [01;31m[KController[m[K::requestWithoutResponse(std::vector<uint8_t> request, std::string description);
      |          [01;31m[K^~~~~~~~~~[m[K
In file included from [01m[K/home/happy/happy_ws/src/happy_robot/WoorobotSDK/include/SerialPortConnector.h:34[m[K,
                 from [01m[K/home/happy/happy_ws/src/happy_robot/WoorobotSDK/woorobot_sdk_cpp/BoardConfig.cpp:2[m[K:
[01m[K/home/happy/happy_ws/src/happy_robot/WoorobotSDK/include/Controller.h:37:10:[m[K [01;31m[Kerror: [m[Kextra qualification ‘[01m[KController::[m[K’ on member ‘[01m[KrequestWithoutResponse[m[K’ [[01;31m[K-fpermissive[m[K]
   37 |     void [01;31m[KController[m[K::requestWithoutResponse(std::vector<uint8_t> request, std::string description);
      |          [01;31m[K^~~~~~~~~~[m[K
make[2]: *** [WoorobotSDK/CMakeFiles/woorobot_sdk.dir/build.make:102: WoorobotSDK/CMakeFiles/woorobot_sdk.dir/woorobot_sdk_cpp/MainCommConfig.cpp.o] Error 1
make[2]: *** Waiting for unfinished jobs....
make[2]: *** [WoorobotSDK/CMakeFiles/woorobot_sdk.dir/build.make:63: WoorobotSDK/CMakeFiles/woorobot_sdk.dir/woorobot_sdk_cpp/BoardConfig.cpp.o] Error 1
[01m[K/home/happy/happy_ws/src/happy_robot/WoorobotSDK/woorobot_sdk_cpp/Controller.cpp:[m[K In member function ‘[01m[Kstd::vector<unsigned char> Controller::request(std::vector<unsigned char>, std::string)[m[K’:
[01m[K/home/happy/happy_ws/src/happy_robot/WoorobotSDK/woorobot_sdk_cpp/Controller.cpp:242:10:[m[K [01;35m[Kwarning: [m[Kignoring return value of ‘[01m[Kssize_t write(int, const void*, size_t)[m[K’, declared with attribute warn_unused_result [[01;35m[K-Wunused-result[m[K]
  242 |     [01;35m[Kwrite(*connector->fd, request_crc.data(), request_crc.size())[m[K;
      |     [01;35m[K~~~~~^~~~~~~~~~~~~~~~~~~~~~~~~~~~~~~~~~~~~~~~~~~~~~~~~~~~~~~~[m[K
[01m[K/home/happy/happy_ws/src/happy_robot/WoorobotSDK/woorobot_sdk_cpp/Controller.cpp:[m[K In member function ‘[01m[Kvoid Controller::requestWithoutResponse(std::vector<unsigned char>, std::string)[m[K’:
[01m[K/home/happy/happy_ws/src/happy_robot/WoorobotSDK/woorobot_sdk_cpp/Controller.cpp:403:10:[m[K [01;35m[Kwarning: [m[Kignoring return value of ‘[01m[Kssize_t write(int, const void*, size_t)[m[K’, declared with attribute warn_unused_result [[01;35m[K-Wunused-result[m[K]
  403 |     [01;35m[Kwrite(*connector->fd, request_crc.data(), request_crc.size())[m[K;
      |     [01;35m[K~~~~~^~~~~~~~~~~~~~~~~~~~~~~~~~~~~~~~~~~~~~~~~~~~~~~~~~~~~~~~[m[K
[01m[K/home/happy/happy_ws/src/happy_robot/WoorobotSDK/woorobot_sdk_cpp/Controller.cpp:[m[K In member function ‘[01m[Kvoid Controller::requestAll(std::vector<unsigned char>)[m[K’:
[01m[K/home/happy/happy_ws/src/happy_robot/WoorobotSDK/woorobot_sdk_cpp/Controller.cpp:449:10:[m[K [01;35m[Kwarning: [m[Kignoring return value of ‘[01m[Kssize_t write(int, const void*, size_t)[m[K’, declared with attribute warn_unused_result [[01;35m[K-Wunused-result[m[K]
  449 |     [01;35m[Kwrite(*connector->fd, requests.data(), requests.size())[m[K;
      |     [01;35m[K~~~~~^~~~~~~~~~~~~~~~~~~~~~~~~~~~~~~~~~~~~~~~~~~~~~~~~~[m[K
make[2]: *** [WoorobotSDK/CMakeFiles/woorobot_sdk.dir/build.make:76: WoorobotSDK/CMakeFiles/woorobot_sdk.dir/woorobot_sdk_cpp/Controller.cpp.o] Error 1
[01m[K/home/happy/happy_ws/src/happy_robot/WoorobotSDK/woorobot_sdk_cpp/Firmware.cpp:[m[K In member function ‘[01m[Kstd::vector<unsigned char> Firmware::requestBootLoader(std::vector<unsigned char>)[m[K’:
[01m[K/home/happy/happy_ws/src/happy_robot/WoorobotSDK/woorobot_sdk_cpp/Firmware.cpp:209:10:[m[K [01;35m[Kwarning: [m[Kignoring return value of ‘[01m[Kssize_t write(int, const void*, size_t)[m[K’, declared with attribute warn_unused_result [[01;35m[K-Wunused-result[m[K]
  209 |     [01;35m[Kwrite(*connector->fd, request_crc.data(), request_crc.size())[m[K;
      |     [01;35m[K~~~~~^~~~~~~~~~~~~~~~~~~~~~~~~~~~~~~~~~~~~~~~~~~~~~~~~~~~~~~~[m[K
make[2]: *** [WoorobotSDK/CMakeFiles/woorobot_sdk.dir/build.make:89: WoorobotSDK/CMakeFiles/woorobot_sdk.dir/woorobot_sdk_cpp/Firmware.cpp.o] Error 1
In file included from [01m[K/home/happy/happy_ws/src/happy_robot/WoorobotSDK/include/SerialPortConnector.h:34[m[K,
                 from [01m[K/home/happy/happy_ws/src/happy_robot/WoorobotSDK/woorobot_sdk_cpp/MotorConfig.cpp:2[m[K:
[01m[K/home/happy/happy_ws/src/happy_robot/WoorobotSDK/include/Controller.h:37:10:[m[K [01;31m[Kerror: [m[Kextra qualification ‘[01m[KController::[m[K’ on member ‘[01m[KrequestWithoutResponse[m[K’ [[01;31m[K-fpermissive[m[K]
   37 |     void [01;31m[KController[m[K::requestWithoutResponse(std::vector<uint8_t> request, std::string description);
      |          [01;31m[K^~~~~~~~~~[m[K
In file included from [01m[K/home/happy/happy_ws/src/happy_robot/WoorobotSDK/include/SerialPortConnector.h:34[m[K,
                 from [01m[K/home/happy/happy_ws/src/happy_robot/WoorobotSDK/woorobot_sdk_cpp/MotorControl.cpp:2[m[K:
[01m[K/home/happy/happy_ws/src/happy_robot/WoorobotSDK/include/Controller.h:37:10:[m[K [01;31m[Kerror: [m[Kextra qualification ‘[01m[KController::[m[K’ on member ‘[01m[KrequestWithoutResponse[m[K’ [[01;31m[K-fpermissive[m[K]
   37 |     void [01;31m[KController[m[K::requestWithoutResponse(std::vector<uint8_t> request, std::string description);
      |          [01;31m[K^~~~~~~~~~[m[K
make[2]: *** [WoorobotSDK/CMakeFiles/woorobot_sdk.dir/build.make:115: WoorobotSDK/CMakeFiles/woorobot_sdk.dir/woorobot_sdk_cpp/MotorConfig.cpp.o] Error 1
make[2]: *** [WoorobotSDK/CMakeFiles/woorobot_sdk.dir/build.make:128: WoorobotSDK/CMakeFiles/woorobot_sdk.dir/woorobot_sdk_cpp/MotorControl.cpp.o] Error 1
make[1]: *** [CMakeFiles/Makefile2:3600: WoorobotSDK/CMakeFiles/woorobot_sdk.dir/all] Error 2
make: *** [Makefile:141: all] Error 2
