Linked: (/home/happy/happy_ws/devel/.private/happy_robo/share/gennodejs/ros/happy_robo/_index.js, /home/happy/happy_ws/devel/share/gennodejs/ros/happy_robo/_index.js)
Linked: (/home/happy/happy_ws/devel/.private/happy_robo/share/gennodejs/ros/happy_robo/msg/AlignAndGoalPoseStamped.js, /home/happy/happy_ws/devel/share/gennodejs/ros/happy_robo/msg/AlignAndGoalPoseStamped.js)
Linked: (/home/happy/happy_ws/devel/.private/happy_robo/share/gennodejs/ros/happy_robo/msg/_index.js, /home/happy/happy_ws/devel/share/gennodejs/ros/happy_robo/msg/_index.js)
Linked: (/home/happy/happy_ws/devel/.private/happy_robo/share/gennodejs/ros/happy_robo/srv/_index.js, /home/happy/happy_ws/devel/share/gennodejs/ros/happy_robo/srv/_index.js)
Linked: (/home/happy/happy_ws/devel/.private/happy_robo/share/gennodejs/ros/happy_robo/srv/TriggerWithCommand.js, /home/happy/happy_ws/devel/share/gennodejs/ros/happy_robo/srv/TriggerWithCommand.js)
Linked: (/home/happy/happy_ws/devel/.private/happy_robo/share/roseus/ros/happy_robo/manifest.l, /home/happy/happy_ws/devel/share/roseus/ros/happy_robo/manifest.l)
Linked: (/home/happy/happy_ws/devel/.private/happy_robo/share/roseus/ros/happy_robo/msg/AlignAndGoalPoseStamped.l, /home/happy/happy_ws/devel/share/roseus/ros/happy_robo/msg/AlignAndGoalPoseStamped.l)
Linked: (/home/happy/happy_ws/devel/.private/happy_robo/share/roseus/ros/happy_robo/srv/TriggerWithCommand.l, /home/happy/happy_ws/devel/share/roseus/ros/happy_robo/srv/TriggerWithCommand.l)
Linked: (/home/happy/happy_ws/devel/.private/happy_robo/share/happy_robo/cmake/happy_roboConfig-version.cmake, /home/happy/happy_ws/devel/share/happy_robo/cmake/happy_roboConfig-version.cmake)
Linked: (/home/happy/happy_ws/devel/.private/happy_robo/share/happy_robo/cmake/happy_robo-msg-paths.cmake, /home/happy/happy_ws/devel/share/happy_robo/cmake/happy_robo-msg-paths.cmake)
Linked: (/home/happy/happy_ws/devel/.private/happy_robo/share/happy_robo/cmake/happy_roboConfig.cmake, /home/happy/happy_ws/devel/share/happy_robo/cmake/happy_roboConfig.cmake)
Linked: (/home/happy/happy_ws/devel/.private/happy_robo/share/happy_robo/cmake/happy_robo-msg-extras.cmake, /home/happy/happy_ws/devel/share/happy_robo/cmake/happy_robo-msg-extras.cmake)
Linked: (/home/happy/happy_ws/devel/.private/happy_robo/share/common-lisp/ros/happy_robo/msg/AlignAndGoalPoseStamped.lisp, /home/happy/happy_ws/devel/share/common-lisp/ros/happy_robo/msg/AlignAndGoalPoseStamped.lisp)
Linked: (/home/happy/happy_ws/devel/.private/happy_robo/share/common-lisp/ros/happy_robo/msg/_package.lisp, /home/happy/happy_ws/devel/share/common-lisp/ros/happy_robo/msg/_package.lisp)
Linked: (/home/happy/happy_ws/devel/.private/happy_robo/share/common-lisp/ros/happy_robo/msg/_package_AlignAndGoalPoseStamped.lisp, /home/happy/happy_ws/devel/share/common-lisp/ros/happy_robo/msg/_package_AlignAndGoalPoseStamped.lisp)
Linked: (/home/happy/happy_ws/devel/.private/happy_robo/share/common-lisp/ros/happy_robo/msg/happy_robo-msg.asd, /home/happy/happy_ws/devel/share/common-lisp/ros/happy_robo/msg/happy_robo-msg.asd)
Linked: (/home/happy/happy_ws/devel/.private/happy_robo/share/common-lisp/ros/happy_robo/srv/_package.lisp, /home/happy/happy_ws/devel/share/common-lisp/ros/happy_robo/srv/_package.lisp)
Linked: (/home/happy/happy_ws/devel/.private/happy_robo/share/common-lisp/ros/happy_robo/srv/happy_robo-srv.asd, /home/happy/happy_ws/devel/share/common-lisp/ros/happy_robo/srv/happy_robo-srv.asd)
Linked: (/home/happy/happy_ws/devel/.private/happy_robo/share/common-lisp/ros/happy_robo/srv/_package_TriggerWithCommand.lisp, /home/happy/happy_ws/devel/share/common-lisp/ros/happy_robo/srv/_package_TriggerWithCommand.lisp)
Linked: (/home/happy/happy_ws/devel/.private/happy_robo/share/common-lisp/ros/happy_robo/srv/TriggerWithCommand.lisp, /home/happy/happy_ws/devel/share/common-lisp/ros/happy_robo/srv/TriggerWithCommand.lisp)
Linked: (/home/happy/happy_ws/devel/.private/happy_robo/include/happy_robo/TriggerWithCommandRequest.h, /home/happy/happy_ws/devel/include/happy_robo/TriggerWithCommandRequest.h)
Linked: (/home/happy/happy_ws/devel/.private/happy_robo/include/happy_robo/TriggerWithCommand.h, /home/happy/happy_ws/devel/include/happy_robo/TriggerWithCommand.h)
Linked: (/home/happy/happy_ws/devel/.private/happy_robo/include/happy_robo/TriggerWithCommandResponse.h, /home/happy/happy_ws/devel/include/happy_robo/TriggerWithCommandResponse.h)
Linked: (/home/happy/happy_ws/devel/.private/happy_robo/include/happy_robo/AlignAndGoalPoseStamped.h, /home/happy/happy_ws/devel/include/happy_robo/AlignAndGoalPoseStamped.h)
Linked: (/home/happy/happy_ws/devel/.private/happy_robo/lib/libmotor_controller_lib.so, /home/happy/happy_ws/devel/lib/libmotor_controller_lib.so)
Linked: (/home/happy/happy_ws/devel/.private/happy_robo/lib/libMcsSdk.so, /home/happy/happy_ws/devel/lib/libMcsSdk.so)
Linked: (/home/happy/happy_ws/devel/.private/happy_robo/lib/pkgconfig/happy_robo.pc, /home/happy/happy_ws/devel/lib/pkgconfig/happy_robo.pc)
Linked: (/home/happy/happy_ws/devel/.private/happy_robo/lib/python3/dist-packages/happy_robo/__init__.py, /home/happy/happy_ws/devel/lib/python3/dist-packages/happy_robo/__init__.py)
Linked: (/home/happy/happy_ws/devel/.private/happy_robo/lib/python3/dist-packages/happy_robo/msg/__init__.py, /home/happy/happy_ws/devel/lib/python3/dist-packages/happy_robo/msg/__init__.py)
Linked: (/home/happy/happy_ws/devel/.private/happy_robo/lib/python3/dist-packages/happy_robo/msg/_AlignAndGoalPoseStamped.py, /home/happy/happy_ws/devel/lib/python3/dist-packages/happy_robo/msg/_AlignAndGoalPoseStamped.py)
Linked: (/home/happy/happy_ws/devel/.private/happy_robo/lib/python3/dist-packages/happy_robo/srv/__init__.py, /home/happy/happy_ws/devel/lib/python3/dist-packages/happy_robo/srv/__init__.py)
Linked: (/home/happy/happy_ws/devel/.private/happy_robo/lib/python3/dist-packages/happy_robo/srv/_TriggerWithCommand.py, /home/happy/happy_ws/devel/lib/python3/dist-packages/happy_robo/srv/_TriggerWithCommand.py)
Linked: (/home/happy/happy_ws/devel/.private/happy_robo/lib/happy_robo/mode_converter.py, /home/happy/happy_ws/devel/lib/happy_robo/mode_converter.py)
Linked: (/home/happy/happy_ws/devel/.private/happy_robo/lib/happy_robo/myactionlib.py, /home/happy/happy_ws/devel/lib/happy_robo/myactionlib.py)
Linked: (/home/happy/happy_ws/devel/.private/happy_robo/lib/happy_robo/server_fastapi.py, /home/happy/happy_ws/devel/lib/happy_robo/server_fastapi.py)
Linked: (/home/happy/happy_ws/devel/.private/happy_robo/lib/happy_robo/cmake.lock, /home/happy/happy_ws/devel/lib/happy_robo/cmake.lock)
Linked: (/home/happy/happy_ws/devel/.private/happy_robo/lib/happy_robo/vel_converter, /home/happy/happy_ws/devel/lib/happy_robo/vel_converter)
Linked: (/home/happy/happy_ws/devel/.private/happy_robo/lib/happy_robo/odom_publisher, /home/happy/happy_ws/devel/lib/happy_robo/odom_publisher)
Linked: (/home/happy/happy_ws/devel/.private/happy_robo/lib/happy_robo/obb_calculator.py, /home/happy/happy_ws/devel/lib/happy_robo/obb_calculator.py)
Linked: (/home/happy/happy_ws/devel/.private/happy_robo/lib/happy_robo/filter_pcd, /home/happy/happy_ws/devel/lib/happy_robo/filter_pcd)
Linked: (/home/happy/happy_ws/devel/.private/happy_robo/lib/happy_robo/dynamic_map_publisher, /home/happy/happy_ws/devel/lib/happy_robo/dynamic_map_publisher)
Linked: (/home/happy/happy_ws/devel/.private/happy_robo/lib/happy_robo/vel_converter_sdk, /home/happy/happy_ws/devel/lib/happy_robo/vel_converter_sdk)
Linked: (/home/happy/happy_ws/devel/.private/happy_robo/lib/happy_robo/server_ws.py, /home/happy/happy_ws/devel/lib/happy_robo/server_ws.py)
Linked: (/home/happy/happy_ws/devel/.private/happy_robo/lib/happy_robo/imu_receiver, /home/happy/happy_ws/devel/lib/happy_robo/imu_receiver)
Linked: (/home/happy/happy_ws/devel/.private/happy_robo/lib/happy_robo/record_rosbag.py, /home/happy/happy_ws/devel/lib/happy_robo/record_rosbag.py)
Linked: (/home/happy/happy_ws/devel/.private/happy_robo/lib/happy_robo/async_scan_merger_real_2d, /home/happy/happy_ws/devel/lib/happy_robo/async_scan_merger_real_2d)
Linked: (/home/happy/happy_ws/devel/.private/happy_robo/lib/happy_robo/map_regenerater.py, /home/happy/happy_ws/devel/lib/happy_robo/map_regenerater.py)
Linked: (/home/happy/happy_ws/devel/.private/happy_robo/lib/happy_robo/master_node.py, /home/happy/happy_ws/devel/lib/happy_robo/master_node.py)
Linked: (/home/happy/happy_ws/devel/.private/happy_robo/lib/happy_robo/conversion, /home/happy/happy_ws/devel/lib/happy_robo/conversion)
