[ 26%] Built target woorobot_sdk
[ 31%] Built target imu_receiver
[ 35%] Built target dynamic_map_publisher
[ 40%] Built target async_scan_merger_real_2d
[ 44%] Built target conversion
[ 44%] Built target std_msgs_generate_messages_cpp
[ 44%] Built target geometry_msgs_generate_messages_cpp
[ 44%] Built target geometry_msgs_generate_messages_lisp
[ 44%] Built target std_msgs_generate_messages_lisp
[ 44%] Built target _happy_robo_generate_messages_check_deps_AlignAndGoalPoseStamped
[ 44%] Built target geometry_msgs_generate_messages_eus
[ 44%] Built target std_msgs_generate_messages_eus
[ 44%] Built target geometry_msgs_generate_messages_nodejs
[ 44%] Built target std_msgs_generate_messages_nodejs
[ 44%] Built target std_msgs_generate_messages_py
[ 44%] Built target _happy_robo_generate_messages_check_deps_TriggerWithCommand
[ 44%] Built target geometry_msgs_generate_messages_py
[ 48%] Built target odom_publisher
[ 53%] Built target woorobot_example
[ 57%] Built target woorobot_config
[ 62%] Built target motor_controller_lib
[ 66%] Built target happy_robo_generate_messages_cpp
[ 71%] Built target filter_pcd
[ 82%] Built target happy_robo_generate_messages_lisp
[ 82%] Built target happy_robo_generate_messages_eus
[ 86%] Built target happy_robo_generate_messages_nodejs
[35m[1mScanning dependencies of target vel_converter_sdk[0m
[ 95%] Built target happy_robo_generate_messages_py
[ 97%] [32mBuilding CXX object CMakeFiles/vel_converter_sdk.dir/src/vel_converter_sdk.cpp.o[0m
[ 97%] Built target happy_robo_generate_messages
In file included from [01m[K/opt/ros/noetic/include/ros/ros.h:40[m[K,
                 from [01m[K/home/happy/happy_ws/src/happy_robot/src/vel_converter_sdk.cpp:1[m[K:
[01m[K/home/happy/happy_ws/src/happy_robot/src/vel_converter_sdk.cpp:[m[K In member function ‘[01m[Kvoid VelConverter::stopModeCallback(const ConstPtr&)[m[K’:
[01m[K/home/happy/happy_ws/src/happy_robot/src/vel_converter_sdk.cpp:581:22:[m[K [01;35m[Kwarning: [m[Kformat ‘[01m[K%s[m[K’ expects argument of type ‘[01m[Kchar*[m[K’, but argument 8 has type ‘[01m[Kint[m[K’ [[01;35m[K-Wformat=[m[K]
  581 |             ROS_INFO([01;35m[K"Got Stop Mode MSG : %s"[m[K, [32m[Kmsg->data[m[K);
      |                      [01;35m[K^~~~~~~~~~~~~~~~~~~~~~~~[m[K  [32m[K~~~~~~~~~[m[K
      |                                                     [32m[K|[m[K
      |                                                     [32m[Kint[m[K
[01m[K/opt/ros/noetic/include/ros/console.h:351:165:[m[K [01;36m[Knote: [m[Kin definition of macro ‘[01m[KROSCONSOLE_PRINT_AT_LOCATION_WITH_FILTER[m[K’
  351 |     ::ros::console::print(filter, __rosconsole_define_location__loc.logger_, __rosconsole_define_location__loc.level_, __FILE__, __LINE__, __ROSCONSOLE_FUNCTION__, [01;36m[K__VA_ARGS__[m[K)
      |                                                                                                                                                                     [01;36m[K^~~~~~~~~~~[m[K
[01m[K/opt/ros/noetic/include/ros/console.h:390:7:[m[K [01;36m[Knote: [m[Kin expansion of macro ‘[01m[KROSCONSOLE_PRINT_AT_LOCATION[m[K’
  390 |       [01;36m[KROSCONSOLE_PRINT_AT_LOCATION[m[K(__VA_ARGS__); \
      |       [01;36m[K^~~~~~~~~~~~~~~~~~~~~~~~~~~~[m[K
[01m[K/opt/ros/noetic/include/ros/console.h:575:35:[m[K [01;36m[Knote: [m[Kin expansion of macro ‘[01m[KROS_LOG_COND[m[K’
  575 | #define ROS_LOG(level, name, ...) [01;36m[KROS_LOG_COND[m[K(true, level, name, __VA_ARGS__)
      |                                   [01;36m[K^~~~~~~~~~~~[m[K
[01m[K/opt/ros/noetic/include/rosconsole/macros_generated.h:110:23:[m[K [01;36m[Knote: [m[Kin expansion of macro ‘[01m[KROS_LOG[m[K’
  110 | #define ROS_INFO(...) [01;36m[KROS_LOG[m[K(::ros::console::levels::Info, ROSCONSOLE_DEFAULT_NAME, __VA_ARGS__)
      |                       [01;36m[K^~~~~~~[m[K
[01m[K/home/happy/happy_ws/src/happy_robot/src/vel_converter_sdk.cpp:581:13:[m[K [01;36m[Knote: [m[Kin expansion of macro ‘[01m[KROS_INFO[m[K’
  581 |             [01;36m[KROS_INFO[m[K("Got Stop Mode MSG : %s", msg->data);
      |             [01;36m[K^~~~~~~~[m[K
[01m[K/home/happy/happy_ws/src/happy_robot/src/vel_converter_sdk.cpp:581:44:[m[K [01;36m[Knote: [m[Kformat string is defined here
  581 |             ROS_INFO("Got Stop Mode MSG : [01;36m[K%s[m[K", msg->data);
      |                                           [01;36m[K~^[m[K
      |                                            [01;36m[K|[m[K
      |                                            [01;36m[Kchar*[m[K
      |                                           [32m[K%d[m[K
[100%] [32m[1mLinking CXX executable /home/happy/happy_ws/devel/.private/happy_robo/lib/happy_robo/vel_converter_sdk[0m
[100%] Built target vel_converter_sdk
