[01m[K/home/happy/happy_ws/src/happy_robot/src/motor_controller.cpp:[m[K In constructor ‘[01m[KMotorController::MotorController(std::string, unsigned int, int)[m[K’:
[01m[K/home/happy/happy_ws/src/happy_robot/src/motor_controller.cpp:17:48:[m[K [01;31m[Kerror: [m[Kcannot convert ‘[01m[KController[m[K’ to ‘[01m[KController*[m[K’ in assignment
   17 |     global_controller = [01;31m[Kconnector.addController(0)[m[K;
      |                         [01;31m[K~~~~~~~~~~~~~~~~~~~~~~~^~~[m[K
      |                                                [01;31m[K|[m[K
      |                                                [01;31m[KController[m[K
[01m[K/home/happy/happy_ws/src/happy_robot/src/motor_controller.cpp:[m[K In member function ‘[01m[Kvoid MotorController::setDegree(int, float)[m[K’:
[01m[K/home/happy/happy_ws/src/happy_robot/src/motor_controller.cpp:47:51:[m[K [01;31m[Kerror: [m[Kno matching function for call to ‘[01m[KMotorControl::setSubTarget()[m[K’
   47 |     controllers_id[id]->motorControl.setSubTarget([01;31m[K)[m[K;
      |                                                   [01;31m[K^[m[K
In file included from [01m[K/home/happy/happy_ws/src/happy_robot/WoorobotSDK/include/Controller.h:13[m[K,
                 from [01m[K/home/happy/happy_ws/src/happy_robot/WoorobotSDK/include/SerialPortConnector.h:33[m[K,
                 from [01m[K/home/happy/happy_ws/src/happy_robot/include/motor_controller.h:2[m[K,
                 from [01m[K/home/happy/happy_ws/src/happy_robot/src/motor_controller.cpp:1[m[K:
[01m[K/home/happy/happy_ws/src/happy_robot/WoorobotSDK/include/../woorobot_sdk_cpp/MotorControl.h:26:10:[m[K [01;36m[Knote: [m[Kcandidate: ‘[01m[Kvoid MotorControl::setSubTarget(unsigned int)[m[K’
   26 |     void [01;36m[KsetSubTarget[m[K(unsigned int value);
      |          [01;36m[K^~~~~~~~~~~~[m[K
[01m[K/home/happy/happy_ws/src/happy_robot/WoorobotSDK/include/../woorobot_sdk_cpp/MotorControl.h:26:10:[m[K [01;36m[Knote: [m[K  candidate expects 1 argument, 0 provided
[01m[K/home/happy/happy_ws/src/happy_robot/src/motor_controller.cpp:[m[K In member function ‘[01m[Kvoid MotorController::setRPM(int, float)[m[K’:
[01m[K/home/happy/happy_ws/src/happy_robot/src/motor_controller.cpp:71:51:[m[K [01;31m[Kerror: [m[Kno matching function for call to ‘[01m[KMotorControl::setSubTarget()[m[K’
   71 |     controllers_id[id]->motorControl.setSubTarget([01;31m[K)[m[K;
      |                                                   [01;31m[K^[m[K
In file included from [01m[K/home/happy/happy_ws/src/happy_robot/WoorobotSDK/include/Controller.h:13[m[K,
                 from [01m[K/home/happy/happy_ws/src/happy_robot/WoorobotSDK/include/SerialPortConnector.h:33[m[K,
                 from [01m[K/home/happy/happy_ws/src/happy_robot/include/motor_controller.h:2[m[K,
                 from [01m[K/home/happy/happy_ws/src/happy_robot/src/motor_controller.cpp:1[m[K:
[01m[K/home/happy/happy_ws/src/happy_robot/WoorobotSDK/include/../woorobot_sdk_cpp/MotorControl.h:26:10:[m[K [01;36m[Knote: [m[Kcandidate: ‘[01m[Kvoid MotorControl::setSubTarget(unsigned int)[m[K’
   26 |     void [01;36m[KsetSubTarget[m[K(unsigned int value);
      |          [01;36m[K^~~~~~~~~~~~[m[K
[01m[K/home/happy/happy_ws/src/happy_robot/WoorobotSDK/include/../woorobot_sdk_cpp/MotorControl.h:26:10:[m[K [01;36m[Knote: [m[K  candidate expects 1 argument, 0 provided
[01m[K/home/happy/happy_ws/src/happy_robot/src/motor_controller.cpp:[m[K In member function ‘[01m[Kvoid MotorController::setMotorParams()[m[K’:
[01m[K/home/happy/happy_ws/src/happy_robot/src/motor_controller.cpp:90:23:[m[K [01;31m[Kerror: [m[Krequest for member ‘[01m[KmotorConfig[m[K’ in ‘[01m[K((MotorController*)this)->MotorController::global_controller[m[K’, which is of pointer type ‘[01m[KController*[m[K’ (maybe you meant to use ‘[01m[K->[m[K’ ?)
   90 |     global_controller.[01;31m[KmotorConfig[m[K.setMotorType(0x31);
      |                       [01;31m[K^~~~~~~~~~~[m[K
[01m[K/home/happy/happy_ws/src/happy_robot/src/motor_controller.cpp:91:23:[m[K [01;31m[Kerror: [m[Krequest for member ‘[01m[KmotorConfig[m[K’ in ‘[01m[K((MotorController*)this)->MotorController::global_controller[m[K’, which is of pointer type ‘[01m[KController*[m[K’ (maybe you meant to use ‘[01m[K->[m[K’ ?)
   91 |     global_controller.[01;31m[KmotorConfig[m[K.setMotorEncoderDirection(0x01);
      |                       [01;31m[K^~~~~~~~~~~[m[K
[01m[K/home/happy/happy_ws/src/happy_robot/src/motor_controller.cpp:92:23:[m[K [01;31m[Kerror: [m[Krequest for member ‘[01m[KmotorConfig[m[K’ in ‘[01m[K((MotorController*)this)->MotorController::global_controller[m[K’, which is of pointer type ‘[01m[KController*[m[K’ (maybe you meant to use ‘[01m[K->[m[K’ ?)
   92 |     global_controller.[01;31m[KmotorConfig[m[K.setMotorEncoderCpr(4000);
      |                       [01;31m[K^~~~~~~~~~~[m[K
[01m[K/home/happy/happy_ws/src/happy_robot/src/motor_controller.cpp:93:23:[m[K [01;31m[Kerror: [m[Krequest for member ‘[01m[KmotorConfig[m[K’ in ‘[01m[K((MotorController*)this)->MotorController::global_controller[m[K’, which is of pointer type ‘[01m[KController*[m[K’ (maybe you meant to use ‘[01m[K->[m[K’ ?)
   93 |     global_controller.[01;31m[KmotorConfig[m[K.setElectronicAngle(4);
      |                       [01;31m[K^~~~~~~~~~~[m[K
[01m[K/home/happy/happy_ws/src/happy_robot/src/motor_controller.cpp:94:23:[m[K [01;31m[Kerror: [m[Krequest for member ‘[01m[KmotorConfig[m[K’ in ‘[01m[K((MotorController*)this)->MotorController::global_controller[m[K’, which is of pointer type ‘[01m[KController*[m[K’ (maybe you meant to use ‘[01m[K->[m[K’ ?)
   94 |     global_controller.[01;31m[KmotorConfig[m[K.setGearRatio(20.0);
      |                       [01;31m[K^~~~~~~~~~~[m[K
[01m[K/home/happy/happy_ws/src/happy_robot/src/motor_controller.cpp:96:23:[m[K [01;31m[Kerror: [m[Krequest for member ‘[01m[KmotorParam[m[K’ in ‘[01m[K((MotorController*)this)->MotorController::global_controller[m[K’, which is of pointer type ‘[01m[KController*[m[K’ (maybe you meant to use ‘[01m[K->[m[K’ ?)
   96 |     global_controller.[01;31m[KmotorParam[m[K.setResistanceConstant(1800);
      |                       [01;31m[K^~~~~~~~~~[m[K
[01m[K/home/happy/happy_ws/src/happy_robot/src/motor_controller.cpp:97:23:[m[K [01;31m[Kerror: [m[Krequest for member ‘[01m[KmotorParam[m[K’ in ‘[01m[K((MotorController*)this)->MotorController::global_controller[m[K’, which is of pointer type ‘[01m[KController*[m[K’ (maybe you meant to use ‘[01m[K->[m[K’ ?)
   97 |     global_controller.[01;31m[KmotorParam[m[K.setInductanceConstant(540);
      |                       [01;31m[K^~~~~~~~~~[m[K
[01m[K/home/happy/happy_ws/src/happy_robot/src/motor_controller.cpp:98:23:[m[K [01;31m[Kerror: [m[Krequest for member ‘[01m[KmotorParam[m[K’ in ‘[01m[K((MotorController*)this)->MotorController::global_controller[m[K’, which is of pointer type ‘[01m[KController*[m[K’ (maybe you meant to use ‘[01m[K->[m[K’ ?)
   98 |     global_controller.[01;31m[KmotorParam[m[K.setTorqueConstant(42);
      |                       [01;31m[K^~~~~~~~~~[m[K
[01m[K/home/happy/happy_ws/src/happy_robot/src/motor_controller.cpp:99:23:[m[K [01;31m[Kerror: [m[Krequest for member ‘[01m[KmotorParam[m[K’ in ‘[01m[K((MotorController*)this)->MotorController::global_controller[m[K’, which is of pointer type ‘[01m[KController*[m[K’ (maybe you meant to use ‘[01m[K->[m[K’ ?)
   99 |     global_controller.[01;31m[KmotorParam[m[K.setMomentOfInertia(24);
      |                       [01;31m[K^~~~~~~~~~[m[K
[01m[K/home/happy/happy_ws/src/happy_robot/src/motor_controller.cpp:100:23:[m[K [01;31m[Kerror: [m[Krequest for member ‘[01m[KmotorParam[m[K’ in ‘[01m[K((MotorController*)this)->MotorController::global_controller[m[K’, which is of pointer type ‘[01m[KController*[m[K’ (maybe you meant to use ‘[01m[K->[m[K’ ?)
  100 |     global_controller.[01;31m[KmotorParam[m[K.setRatedSpeed(4000.0);
      |                       [01;31m[K^~~~~~~~~~[m[K
[01m[K/home/happy/happy_ws/src/happy_robot/src/motor_controller.cpp:101:23:[m[K [01;31m[Kerror: [m[Krequest for member ‘[01m[KmotorParam[m[K’ in ‘[01m[K((MotorController*)this)->MotorController::global_controller[m[K’, which is of pointer type ‘[01m[KController*[m[K’ (maybe you meant to use ‘[01m[K->[m[K’ ?)
  101 |     global_controller.[01;31m[KmotorParam[m[K.setRatedCurrent(200.0);
      |                       [01;31m[K^~~~~~~~~~[m[K
[01m[K/home/happy/happy_ws/src/happy_robot/src/motor_controller.cpp:102:23:[m[K [01;31m[Kerror: [m[Krequest for member ‘[01m[KmotorParam[m[K’ in ‘[01m[K((MotorController*)this)->MotorController::global_controller[m[K’, which is of pointer type ‘[01m[KController*[m[K’ (maybe you meant to use ‘[01m[K->[m[K’ ?)
  102 |     global_controller.[01;31m[KmotorParam[m[K.setRatedVoltage(2.4);
      |                       [01;31m[K^~~~~~~~~~[m[K
[01m[K/home/happy/happy_ws/src/happy_robot/src/motor_controller.cpp:[m[K In member function ‘[01m[Kvoid MotorController::setMotorBrake()[m[K’:
[01m[K/home/happy/happy_ws/src/happy_robot/src/motor_controller.cpp:107:55:[m[K [01;31m[Kerror: [m[Krequest for member ‘[01m[Krequest[m[K’ in ‘[01m[K((MotorController*)this)->MotorController::global_controller[m[K’, which is of pointer type ‘[01m[KController*[m[K’ (maybe you meant to use ‘[01m[K->[m[K’ ?)
  107 |     std::vector<uint8_t> response = global_controller.[01;31m[Krequest[m[K(request, "Set Motor Brake");
      |                                                       [01;31m[K^~~~~~~[m[K
[01m[K/home/happy/happy_ws/src/happy_robot/src/motor_controller.cpp:[m[K In member function ‘[01m[Kvoid MotorController::setMotorNonBrake()[m[K’:
[01m[K/home/happy/happy_ws/src/happy_robot/src/motor_controller.cpp:112:55:[m[K [01;31m[Kerror: [m[Krequest for member ‘[01m[Krequest[m[K’ in ‘[01m[K((MotorController*)this)->MotorController::global_controller[m[K’, which is of pointer type ‘[01m[KController*[m[K’ (maybe you meant to use ‘[01m[K->[m[K’ ?)
  112 |     std::vector<uint8_t> response = global_controller.[01;31m[Krequest[m[K(request, "Set Motor Non-Brake");
      |                                                       [01;31m[K^~~~~~~[m[K
[01m[K/home/happy/happy_ws/src/happy_robot/src/motor_controller.cpp:[m[K In member function ‘[01m[Kvoid MotorController::setOutterBrake()[m[K’:
[01m[K/home/happy/happy_ws/src/happy_robot/src/motor_controller.cpp:117:55:[m[K [01;31m[Kerror: [m[Krequest for member ‘[01m[Krequest[m[K’ in ‘[01m[K((MotorController*)this)->MotorController::global_controller[m[K’, which is of pointer type ‘[01m[KController*[m[K’ (maybe you meant to use ‘[01m[K->[m[K’ ?)
  117 |     std::vector<uint8_t> response = global_controller.[01;31m[Krequest[m[K(request, "Set Outter Brake");
      |                                                       [01;31m[K^~~~~~~[m[K
[01m[K/home/happy/happy_ws/src/happy_robot/src/motor_controller.cpp:[m[K In member function ‘[01m[Kvoid MotorController::setOutterNonBrake()[m[K’:
[01m[K/home/happy/happy_ws/src/happy_robot/src/motor_controller.cpp:122:55:[m[K [01;31m[Kerror: [m[Krequest for member ‘[01m[Krequest[m[K’ in ‘[01m[K((MotorController*)this)->MotorController::global_controller[m[K’, which is of pointer type ‘[01m[KController*[m[K’ (maybe you meant to use ‘[01m[K->[m[K’ ?)
  122 |     std::vector<uint8_t> response = global_controller.[01;31m[Krequest[m[K(request, "Set Outter Non-Brake");
      |                                                       [01;31m[K^~~~~~~[m[K
[01m[K/home/happy/happy_ws/src/happy_robot/src/motor_controller.cpp:[m[K In member function ‘[01m[Kvoid MotorController::setOutterBrakeBefore()[m[K’:
[01m[K/home/happy/happy_ws/src/happy_robot/src/motor_controller.cpp:127:55:[m[K [01;31m[Kerror: [m[Krequest for member ‘[01m[Krequest[m[K’ in ‘[01m[K((MotorController*)this)->MotorController::global_controller[m[K’, which is of pointer type ‘[01m[KController*[m[K’ (maybe you meant to use ‘[01m[K->[m[K’ ?)
  127 |     std::vector<uint8_t> response = global_controller.[01;31m[Krequest[m[K(request, "Set Outter Brake Before");
      |                                                       [01;31m[K^~~~~~~[m[K
[01m[K/home/happy/happy_ws/src/happy_robot/src/motor_controller.cpp:[m[K In member function ‘[01m[Kvoid MotorController::setMotorCmd(int)[m[K’:
[01m[K/home/happy/happy_ws/src/happy_robot/src/motor_controller.cpp:133:59:[m[K [01;31m[Kerror: [m[Krequest for member ‘[01m[Krequest[m[K’ in ‘[01m[K((MotorController*)this)->MotorController::global_controller[m[K’, which is of pointer type ‘[01m[KController*[m[K’ (maybe you meant to use ‘[01m[K->[m[K’ ?)
  133 |         std::vector<uint8_t> response = global_controller.[01;31m[Krequest[m[K(request, "Set Motor Command");
      |                                                           [01;31m[K^~~~~~~[m[K
make[2]: *** [CMakeFiles/motor_controller_lib.dir/build.make:63: CMakeFiles/motor_controller_lib.dir/src/motor_controller.cpp.o] Error 1
make[1]: *** [CMakeFiles/Makefile2:860: CMakeFiles/motor_controller_lib.dir/all] Error 2
make: *** [Makefile:141: all] Error 2
