[01m[K/home/happy/happy_ws/src/happy_robot/WoorobotSDK/woorobot_sdk_cpp/Controller.cpp:[m[K In member function ‘[01m[Kstd::vector<unsigned char> Controller::request(std::vector<unsigned char>, std::string)[m[K’:
[01m[K/home/happy/happy_ws/src/happy_robot/WoorobotSDK/woorobot_sdk_cpp/Controller.cpp:223:10:[m[K [01;35m[Kwarning: [m[Kignoring return value of ‘[01m[Kssize_t write(int, const void*, size_t)[m[K’, declared with attribute warn_unused_result [[01;35m[K-Wunused-result[m[K]
  223 |     [01;35m[Kwrite(*connector->fd, request_crc.data(), request_crc.size())[m[K;
      |     [01;35m[K~~~~~^~~~~~~~~~~~~~~~~~~~~~~~~~~~~~~~~~~~~~~~~~~~~~~~~~~~~~~~[m[K
[01m[K/home/happy/happy_ws/src/happy_robot/WoorobotSDK/woorobot_sdk_cpp/Controller.cpp:[m[K In member function ‘[01m[Kstd::vector<unsigned char> Controller::requestWithoutResponse(std::vector<unsigned char>, std::string)[m[K’:
[01m[K/home/happy/happy_ws/src/happy_robot/WoorobotSDK/woorobot_sdk_cpp/Controller.cpp:372:10:[m[K [01;35m[Kwarning: [m[Kignoring return value of ‘[01m[Kssize_t write(int, const void*, size_t)[m[K’, declared with attribute warn_unused_result [[01;35m[K-Wunused-result[m[K]
  372 |     [01;35m[Kwrite(*connector->fd, request_crc.data(), request_crc.size())[m[K;
      |     [01;35m[K~~~~~^~~~~~~~~~~~~~~~~~~~~~~~~~~~~~~~~~~~~~~~~~~~~~~~~~~~~~~~[m[K
[01m[K/home/happy/happy_ws/src/happy_robot/WoorobotSDK/woorobot_sdk_cpp/Controller.cpp:[m[K In member function ‘[01m[Kvoid Controller::requestAll(std::vector<unsigned char>)[m[K’:
[01m[K/home/happy/happy_ws/src/happy_robot/WoorobotSDK/woorobot_sdk_cpp/Controller.cpp:418:10:[m[K [01;35m[Kwarning: [m[Kignoring return value of ‘[01m[Kssize_t write(int, const void*, size_t)[m[K’, declared with attribute warn_unused_result [[01;35m[K-Wunused-result[m[K]
  418 |     [01;35m[Kwrite(*connector->fd, requests.data(), requests.size())[m[K;
      |     [01;35m[K~~~~~^~~~~~~~~~~~~~~~~~~~~~~~~~~~~~~~~~~~~~~~~~~~~~~~~~[m[K
[01m[K/home/happy/happy_ws/src/happy_robot/src/motor_controller.cpp:[m[K In member function ‘[01m[Kvoid MotorController::setDegree(int, float)[m[K’:
[01m[K/home/happy/happy_ws/src/happy_robot/src/motor_controller.cpp:53:18:[m[K [01;31m[Kerror: [m[K‘[01m[KgetCurrentTimeString[m[K’ was not declared in this scope
   53 |     std::cout << [01;31m[KgetCurrentTimeString[m[K() << " (Degree TXD) ";
      |                  [01;31m[K^~~~~~~~~~~~~~~~~~~~[m[K
[01m[K/home/happy/happy_ws/src/happy_robot/src/motor_controller.cpp:54:25:[m[K [01;31m[Kerror: [m[K‘[01m[Krequests[m[K’ was not declared in this scope
   54 |     for (int i = 0; i < [01;31m[Krequests[m[K.size(); i++) {
      |                         [01;31m[K^~~~~~~~[m[K
make[2]: *** [CMakeFiles/motor_controller_lib.dir/build.make:63: CMakeFiles/motor_controller_lib.dir/src/motor_controller.cpp.o] Error 1
make[1]: *** [CMakeFiles/Makefile2:860: CMakeFiles/motor_controller_lib.dir/all] Error 2
make: *** [Makefile:141: all] Error 2
