[35m[1mScanning dependencies of target woorobot_sdk[0m
[  2%] [32mBuilding CXX object WoorobotSDK/CMakeFiles/woorobot_sdk.dir/woorobot_sdk_cpp/Controller.cpp.o[0m
[ 11%] Built target dynamic_map_publisher
[ 11%] Built target imu_receiver
[ 20%] Built target async_scan_merger_real_2d
[ 20%] Built target conversion
[ 22%] [32mBuilding CXX object WoorobotSDK/CMakeFiles/woorobot_sdk.dir/woorobot_sdk_cpp/MotorControl.cpp.o[0m
[ 22%] Built target std_msgs_generate_messages_cpp
[ 22%] Built target geometry_msgs_generate_messages_cpp
[ 22%] Built target _happy_robo_generate_messages_check_deps_AlignAndGoalPoseStamped
[ 22%] Built target std_msgs_generate_messages_lisp
[ 22%] Built target geometry_msgs_generate_messages_lisp
[ 22%] Built target std_msgs_generate_messages_eus
[ 22%] Built target _happy_robo_generate_messages_check_deps_TriggerWithCommand
[ 22%] Built target geometry_msgs_generate_messages_eus
[ 22%] Built target geometry_msgs_generate_messages_nodejs
[ 22%] Built target std_msgs_generate_messages_py
[ 22%] Built target std_msgs_generate_messages_nodejs
[ 22%] Built target geometry_msgs_generate_messages_py
[ 31%] Built target odom_publisher
[ 31%] Built target filter_pcd
[ 40%] Built target happy_robo_generate_messages_lisp
[ 40%] Built target happy_robo_generate_messages_cpp
[ 55%] Built target happy_robo_generate_messages_nodejs
[ 57%] Built target happy_robo_generate_messages_eus
[ 60%] Built target happy_robo_generate_messages_py
[ 60%] Built target happy_robo_generate_messages
[01m[K/home/happy/happy_ws/src/happy_robot/WoorobotSDK/woorobot_sdk_cpp/Controller.cpp:[m[K In member function ‘[01m[Kstd::vector<unsigned char> Controller::request(std::vector<unsigned char>, std::string)[m[K’:
[01m[K/home/happy/happy_ws/src/happy_robot/WoorobotSDK/woorobot_sdk_cpp/Controller.cpp:223:10:[m[K [01;35m[Kwarning: [m[Kignoring return value of ‘[01m[Kssize_t write(int, const void*, size_t)[m[K’, declared with attribute warn_unused_result [[01;35m[K-Wunused-result[m[K]
  223 |     [01;35m[Kwrite(*connector->fd, request_crc.data(), request_crc.size())[m[K;
      |     [01;35m[K~~~~~^~~~~~~~~~~~~~~~~~~~~~~~~~~~~~~~~~~~~~~~~~~~~~~~~~~~~~~~[m[K
[01m[K/home/happy/happy_ws/src/happy_robot/WoorobotSDK/woorobot_sdk_cpp/Controller.cpp:[m[K In member function ‘[01m[Kstd::vector<unsigned char> Controller::requestWithoutResponse(std::vector<unsigned char>, std::string)[m[K’:
[01m[K/home/happy/happy_ws/src/happy_robot/WoorobotSDK/woorobot_sdk_cpp/Controller.cpp:372:10:[m[K [01;35m[Kwarning: [m[Kignoring return value of ‘[01m[Kssize_t write(int, const void*, size_t)[m[K’, declared with attribute warn_unused_result [[01;35m[K-Wunused-result[m[K]
  372 |     [01;35m[Kwrite(*connector->fd, request_crc.data(), request_crc.size())[m[K;
      |     [01;35m[K~~~~~^~~~~~~~~~~~~~~~~~~~~~~~~~~~~~~~~~~~~~~~~~~~~~~~~~~~~~~~[m[K
[01m[K/home/happy/happy_ws/src/happy_robot/WoorobotSDK/woorobot_sdk_cpp/Controller.cpp:[m[K In member function ‘[01m[Kvoid Controller::requestAll(std::vector<unsigned char>)[m[K’:
[01m[K/home/happy/happy_ws/src/happy_robot/WoorobotSDK/woorobot_sdk_cpp/Controller.cpp:418:10:[m[K [01;35m[Kwarning: [m[Kignoring return value of ‘[01m[Kssize_t write(int, const void*, size_t)[m[K’, declared with attribute warn_unused_result [[01;35m[K-Wunused-result[m[K]
  418 |     [01;35m[Kwrite(*connector->fd, requests.data(), requests.size())[m[K;
      |     [01;35m[K~~~~~^~~~~~~~~~~~~~~~~~~~~~~~~~~~~~~~~~~~~~~~~~~~~~~~~~[m[K
[ 62%] [32m[1mLinking CXX shared library libwoorobot_sdk.so[0m
[ 82%] Built target woorobot_sdk
[ 84%] [32m[1mLinking CXX executable woorobot_config[0m
[ 86%] [32m[1mLinking CXX executable woorobot_example[0m
[ 88%] [32m[1mLinking CXX shared library /home/happy/happy_ws/devel/.private/happy_robo/lib/libmotor_controller_lib.so[0m
[ 93%] Built target woorobot_config
[ 93%] Built target woorobot_example
[ 95%] Built target motor_controller_lib
[ 97%] [32m[1mLinking CXX executable /home/happy/happy_ws/devel/.private/happy_robo/lib/happy_robo/vel_converter_sdk[0m
[100%] Built target vel_converter_sdk
