[01m[K/home/happy/happy_ws/src/happy_robot/WoorobotSDK/woorobot_sdk_cpp/Controller.cpp:[m[K In member function ‘[01m[Kstd::vector<unsigned char> Controller::request(std::vector<unsigned char>, std::string)[m[K’:
[01m[K/home/happy/happy_ws/src/happy_robot/WoorobotSDK/woorobot_sdk_cpp/Controller.cpp:242:10:[m[K [01;35m[Kwarning: [m[Kignoring return value of ‘[01m[Kssize_t write(int, const void*, size_t)[m[K’, declared with attribute warn_unused_result [[01;35m[K-Wunused-result[m[K]
  242 |     [01;35m[Kwrite(*connector->fd, request_crc.data(), request_crc.size())[m[K;
      |     [01;35m[K~~~~~^~~~~~~~~~~~~~~~~~~~~~~~~~~~~~~~~~~~~~~~~~~~~~~~~~~~~~~~[m[K
[01m[K/home/happy/happy_ws/src/happy_robot/WoorobotSDK/woorobot_sdk_cpp/Controller.cpp:[m[K In member function ‘[01m[Kvoid Controller::requestAll(std::vector<unsigned char>)[m[K’:
[01m[K/home/happy/happy_ws/src/happy_robot/WoorobotSDK/woorobot_sdk_cpp/Controller.cpp:414:10:[m[K [01;35m[Kwarning: [m[Kignoring return value of ‘[01m[Kssize_t write(int, const void*, size_t)[m[K’, declared with attribute warn_unused_result [[01;35m[K-Wunused-result[m[K]
  414 |     [01;35m[Kwrite(*connector->fd, requests.data(), requests.size())[m[K;
      |     [01;35m[K~~~~~^~~~~~~~~~~~~~~~~~~~~~~~~~~~~~~~~~~~~~~~~~~~~~~~~~[m[K
[01m[K/home/happy/happy_ws/src/happy_robot/WoorobotSDK/woorobot_sdk_cpp/Firmware.cpp:[m[K In member function ‘[01m[Kstd::vector<unsigned char> Firmware::requestBootLoader(std::vector<unsigned char>)[m[K’:
[01m[K/home/happy/happy_ws/src/happy_robot/WoorobotSDK/woorobot_sdk_cpp/Firmware.cpp:209:10:[m[K [01;35m[Kwarning: [m[Kignoring return value of ‘[01m[Kssize_t write(int, const void*, size_t)[m[K’, declared with attribute warn_unused_result [[01;35m[K-Wunused-result[m[K]
  209 |     [01;35m[Kwrite(*connector->fd, request_crc.data(), request_crc.size())[m[K;
      |     [01;35m[K~~~~~^~~~~~~~~~~~~~~~~~~~~~~~~~~~~~~~~~~~~~~~~~~~~~~~~~~~~~~~[m[K
/usr/bin/ld: CMakeFiles/sim_vel_converter.dir/src/sim_vel_converter.cpp.o: in function `VelConverter::VelConverter(ros::NodeHandle&)':
sim_vel_converter.cpp:(.text._ZN12VelConverterC2ERN3ros10NodeHandleE[_ZN12VelConverterC5ERN3ros10NodeHandleE]+0x320): undefined reference to `serial::Serial::Serial(std::__cxx11::basic_string<char, std::char_traits<char>, std::allocator<char> > const&, unsigned int, serial::Timeout, serial::bytesize_t, serial::parity_t, serial::stopbits_t, serial::flowcontrol_t)'
/usr/bin/ld: sim_vel_converter.cpp:(.text._ZN12VelConverterC2ERN3ros10NodeHandleE[_ZN12VelConverterC5ERN3ros10NodeHandleE]+0xcf0): undefined reference to `serial::Serial::~Serial()'
/usr/bin/ld: CMakeFiles/sim_vel_converter.dir/src/sim_vel_converter.cpp.o: in function `VelConverter::~VelConverter()':
sim_vel_converter.cpp:(.text._ZN12VelConverterD2Ev[_ZN12VelConverterD5Ev]+0xc8): undefined reference to `serial::Serial::~Serial()'
collect2: error: ld returned 1 exit status
make[2]: *** [CMakeFiles/sim_vel_converter.dir/build.make:334: /home/happy/happy_ws/devel/.private/happy_robo/lib/happy_robo/sim_vel_converter] Error 1
make[1]: *** [CMakeFiles/Makefile2:3442: CMakeFiles/sim_vel_converter.dir/all] Error 2
make[1]: *** Waiting for unfinished jobs....
/usr/bin/ld: CMakeFiles/sim_odom.dir/src/sim_odom.cpp.o: in function `MotorStateReader::MotorStateReader(ros::NodeHandle&)':
sim_odom.cpp:(.text._ZN16MotorStateReaderC2ERN3ros10NodeHandleE[_ZN16MotorStateReaderC5ERN3ros10NodeHandleE]+0x2bc): undefined reference to `serial::Serial::Serial(std::__cxx11::basic_string<char, std::char_traits<char>, std::allocator<char> > const&, unsigned int, serial::Timeout, serial::bytesize_t, serial::parity_t, serial::stopbits_t, serial::flowcontrol_t)'
/usr/bin/ld: sim_odom.cpp:(.text._ZN16MotorStateReaderC2ERN3ros10NodeHandleE[_ZN16MotorStateReaderC5ERN3ros10NodeHandleE]+0xe8c): undefined reference to `serial::Serial::~Serial()'
/usr/bin/ld: CMakeFiles/sim_odom.dir/src/sim_odom.cpp.o: in function `MotorStateReader::~MotorStateReader()':
sim_odom.cpp:(.text._ZN16MotorStateReaderD2Ev[_ZN16MotorStateReaderD5Ev]+0xc8): undefined reference to `serial::Serial::~Serial()'
collect2: error: ld returned 1 exit status
make[2]: *** [CMakeFiles/sim_odom.dir/build.make:334: /home/happy/happy_ws/devel/.private/happy_robo/lib/happy_robo/sim_odom] Error 1
make[1]: *** [CMakeFiles/Makefile2:3469: CMakeFiles/sim_odom.dir/all] Error 2
make: *** [Makefile:141: all] Error 2
