[01m[K/home/happy/happy_ws/src/happy_robot/src/motor_controller.cpp:[m[K In member function ‘[01m[Kfloat MotorController::getDegree(int)[m[K’:
[01m[K/home/happy/happy_ws/src/happy_robot/src/motor_controller.cpp:30:57:[m[K [01;31m[Kerror: [m[Krequest for member ‘[01m[Krequest[m[K’ in ‘[01m[K((MotorController*)this)->MotorController::controllers_id.std::vector<Controller*>::operator[](((std::vector<Controller*>::size_type)id))[m[K’, which is of pointer type ‘[01m[K__gnu_cxx::__alloc_traits<std::allocator<Controller*>, Controller*>::value_type[m[K’ {aka ‘[01m[KController*[m[K’} (maybe you meant to use ‘[01m[K->[m[K’ ?)
   30 |     std::vector<uint8_t> response = *controllers_id[id].[01;31m[Krequest[m[K(request, "Get position now");
      |                                                         [01;31m[K^~~~~~~[m[K
[01m[K/home/happy/happy_ws/src/happy_robot/src/motor_controller.cpp:[m[K In member function ‘[01m[Kvoid MotorController::setDegree(int, float)[m[K’:
[01m[K/home/happy/happy_ws/src/happy_robot/src/motor_controller.cpp:44:25:[m[K [01;31m[Kerror: [m[Krequest for member ‘[01m[KmotorControl[m[K’ in ‘[01m[K((MotorController*)this)->MotorController::controllers_id.std::vector<Controller*>::operator[](((std::vector<Controller*>::size_type)id))[m[K’, which is of pointer type ‘[01m[K__gnu_cxx::__alloc_traits<std::allocator<Controller*>, Controller*>::value_type[m[K’ {aka ‘[01m[KController*[m[K’} (maybe you meant to use ‘[01m[K->[m[K’ ?)
   44 |     *controllers_id[id].[01;31m[KmotorControl[m[K.setAccTime(100);
      |                         [01;31m[K^~~~~~~~~~~~[m[K
[01m[K/home/happy/happy_ws/src/happy_robot/src/motor_controller.cpp:45:25:[m[K [01;31m[Kerror: [m[Krequest for member ‘[01m[KmotorControl[m[K’ in ‘[01m[K((MotorController*)this)->MotorController::controllers_id.std::vector<Controller*>::operator[](((std::vector<Controller*>::size_type)id))[m[K’, which is of pointer type ‘[01m[K__gnu_cxx::__alloc_traits<std::allocator<Controller*>, Controller*>::value_type[m[K’ {aka ‘[01m[KController*[m[K’} (maybe you meant to use ‘[01m[K->[m[K’ ?)
   45 |     *controllers_id[id].[01;31m[KmotorControl[m[K.setDecTime(100);
      |                         [01;31m[K^~~~~~~~~~~~[m[K
[01m[K/home/happy/happy_ws/src/happy_robot/src/motor_controller.cpp:46:25:[m[K [01;31m[Kerror: [m[Krequest for member ‘[01m[KmotorControl[m[K’ in ‘[01m[K((MotorController*)this)->MotorController::controllers_id.std::vector<Controller*>::operator[](((std::vector<Controller*>::size_type)id))[m[K’, which is of pointer type ‘[01m[K__gnu_cxx::__alloc_traits<std::allocator<Controller*>, Controller*>::value_type[m[K’ {aka ‘[01m[KController*[m[K’} (maybe you meant to use ‘[01m[K->[m[K’ ?)
   46 |     *controllers_id[id].[01;31m[KmotorControl[m[K.setMotionMode(0xF4);
      |                         [01;31m[K^~~~~~~~~~~~[m[K
[01m[K/home/happy/happy_ws/src/happy_robot/src/motor_controller.cpp:47:25:[m[K [01;31m[Kerror: [m[Krequest for member ‘[01m[KmotorControl[m[K’ in ‘[01m[K((MotorController*)this)->MotorController::controllers_id.std::vector<Controller*>::operator[](((std::vector<Controller*>::size_type)id))[m[K’, which is of pointer type ‘[01m[K__gnu_cxx::__alloc_traits<std::allocator<Controller*>, Controller*>::value_type[m[K’ {aka ‘[01m[KController*[m[K’} (maybe you meant to use ‘[01m[K->[m[K’ ?)
   47 |     *controllers_id[id].[01;31m[KmotorControl[m[K.setSubTarget();
      |                         [01;31m[K^~~~~~~~~~~~[m[K
[01m[K/home/happy/happy_ws/src/happy_robot/src/motor_controller.cpp:49:25:[m[K [01;31m[Kerror: [m[Krequest for member ‘[01m[KmotorControl[m[K’ in ‘[01m[K((MotorController*)this)->MotorController::controllers_id.std::vector<Controller*>::operator[](((std::vector<Controller*>::size_type)id))[m[K’, which is of pointer type ‘[01m[K__gnu_cxx::__alloc_traits<std::allocator<Controller*>, Controller*>::value_type[m[K’ {aka ‘[01m[KController*[m[K’} (maybe you meant to use ‘[01m[K->[m[K’ ?)
   49 |     *controllers_id[id].[01;31m[KmotorControl[m[K.setMainTarget(degree_int);
      |                         [01;31m[K^~~~~~~~~~~~[m[K
[01m[K/home/happy/happy_ws/src/happy_robot/src/motor_controller.cpp:51:25:[m[K [01;31m[Kerror: [m[Krequest for member ‘[01m[KmotorControl[m[K’ in ‘[01m[K((MotorController*)this)->MotorController::controllers_id.std::vector<Controller*>::operator[](((std::vector<Controller*>::size_type)id))[m[K’, which is of pointer type ‘[01m[K__gnu_cxx::__alloc_traits<std::allocator<Controller*>, Controller*>::value_type[m[K’ {aka ‘[01m[KController*[m[K’} (maybe you meant to use ‘[01m[K->[m[K’ ?)
   51 |     *controllers_id[id].[01;31m[KmotorControl[m[K.setMotorDirection(direction);
      |                         [01;31m[K^~~~~~~~~~~~[m[K
[01m[K/home/happy/happy_ws/src/happy_robot/src/motor_controller.cpp:[m[K In member function ‘[01m[Kfloat MotorController::getRPM(int)[m[K’:
[01m[K/home/happy/happy_ws/src/happy_robot/src/motor_controller.cpp:56:57:[m[K [01;31m[Kerror: [m[Krequest for member ‘[01m[Krequest[m[K’ in ‘[01m[K((MotorController*)this)->MotorController::controllers_id.std::vector<Controller*>::operator[](((std::vector<Controller*>::size_type)id))[m[K’, which is of pointer type ‘[01m[K__gnu_cxx::__alloc_traits<std::allocator<Controller*>, Controller*>::value_type[m[K’ {aka ‘[01m[KController*[m[K’} (maybe you meant to use ‘[01m[K->[m[K’ ?)
   56 |     std::vector<uint8_t> response = *controllers_id[id].[01;31m[Krequest[m[K(request, "Get velocity now");
      |                                                         [01;31m[K^~~~~~~[m[K
[01m[K/home/happy/happy_ws/src/happy_robot/src/motor_controller.cpp:[m[K In member function ‘[01m[Kvoid MotorController::setRPM(int, float)[m[K’:
[01m[K/home/happy/happy_ws/src/happy_robot/src/motor_controller.cpp:68:25:[m[K [01;31m[Kerror: [m[Krequest for member ‘[01m[KmotorControl[m[K’ in ‘[01m[K((MotorController*)this)->MotorController::controllers_id.std::vector<Controller*>::operator[](((std::vector<Controller*>::size_type)id))[m[K’, which is of pointer type ‘[01m[K__gnu_cxx::__alloc_traits<std::allocator<Controller*>, Controller*>::value_type[m[K’ {aka ‘[01m[KController*[m[K’} (maybe you meant to use ‘[01m[K->[m[K’ ?)
   68 |     *controllers_id[id].[01;31m[KmotorControl[m[K.setAccTime(100);
      |                         [01;31m[K^~~~~~~~~~~~[m[K
[01m[K/home/happy/happy_ws/src/happy_robot/src/motor_controller.cpp:69:25:[m[K [01;31m[Kerror: [m[Krequest for member ‘[01m[KmotorControl[m[K’ in ‘[01m[K((MotorController*)this)->MotorController::controllers_id.std::vector<Controller*>::operator[](((std::vector<Controller*>::size_type)id))[m[K’, which is of pointer type ‘[01m[K__gnu_cxx::__alloc_traits<std::allocator<Controller*>, Controller*>::value_type[m[K’ {aka ‘[01m[KController*[m[K’} (maybe you meant to use ‘[01m[K->[m[K’ ?)
   69 |     *controllers_id[id].[01;31m[KmotorControl[m[K.setDecTime(100);
      |                         [01;31m[K^~~~~~~~~~~~[m[K
[01m[K/home/happy/happy_ws/src/happy_robot/src/motor_controller.cpp:70:25:[m[K [01;31m[Kerror: [m[Krequest for member ‘[01m[KmotorControl[m[K’ in ‘[01m[K((MotorController*)this)->MotorController::controllers_id.std::vector<Controller*>::operator[](((std::vector<Controller*>::size_type)id))[m[K’, which is of pointer type ‘[01m[K__gnu_cxx::__alloc_traits<std::allocator<Controller*>, Controller*>::value_type[m[K’ {aka ‘[01m[KController*[m[K’} (maybe you meant to use ‘[01m[K->[m[K’ ?)
   70 |     *controllers_id[id].[01;31m[KmotorControl[m[K.setMotionMode(0x74);
      |                         [01;31m[K^~~~~~~~~~~~[m[K
[01m[K/home/happy/happy_ws/src/happy_robot/src/motor_controller.cpp:71:25:[m[K [01;31m[Kerror: [m[Krequest for member ‘[01m[KmotorControl[m[K’ in ‘[01m[K((MotorController*)this)->MotorController::controllers_id.std::vector<Controller*>::operator[](((std::vector<Controller*>::size_type)id))[m[K’, which is of pointer type ‘[01m[K__gnu_cxx::__alloc_traits<std::allocator<Controller*>, Controller*>::value_type[m[K’ {aka ‘[01m[KController*[m[K’} (maybe you meant to use ‘[01m[K->[m[K’ ?)
   71 |     *controllers_id[id].[01;31m[KmotorControl[m[K.setSubTarget();
      |                         [01;31m[K^~~~~~~~~~~~[m[K
[01m[K/home/happy/happy_ws/src/happy_robot/src/motor_controller.cpp:73:25:[m[K [01;31m[Kerror: [m[Krequest for member ‘[01m[KmotorControl[m[K’ in ‘[01m[K((MotorController*)this)->MotorController::controllers_id.std::vector<Controller*>::operator[](((std::vector<Controller*>::size_type)id))[m[K’, which is of pointer type ‘[01m[K__gnu_cxx::__alloc_traits<std::allocator<Controller*>, Controller*>::value_type[m[K’ {aka ‘[01m[KController*[m[K’} (maybe you meant to use ‘[01m[K->[m[K’ ?)
   73 |     *controllers_id[id].[01;31m[KmotorControl[m[K.setMainTarget(rpm_int);
      |                         [01;31m[K^~~~~~~~~~~~[m[K
[01m[K/home/happy/happy_ws/src/happy_robot/src/motor_controller.cpp:75:25:[m[K [01;31m[Kerror: [m[Krequest for member ‘[01m[KmotorControl[m[K’ in ‘[01m[K((MotorController*)this)->MotorController::controllers_id.std::vector<Controller*>::operator[](((std::vector<Controller*>::size_type)id))[m[K’, which is of pointer type ‘[01m[K__gnu_cxx::__alloc_traits<std::allocator<Controller*>, Controller*>::value_type[m[K’ {aka ‘[01m[KController*[m[K’} (maybe you meant to use ‘[01m[K->[m[K’ ?)
   75 |     *controllers_id[id].[01;31m[KmotorControl[m[K.setMotorDirection(direction);
      |                         [01;31m[K^~~~~~~~~~~~[m[K
[01m[K/home/happy/happy_ws/src/happy_robot/src/motor_controller.cpp:[m[K In member function ‘[01m[Kvoid MotorController::initializeMotor(int)[m[K’:
[01m[K/home/happy/happy_ws/src/happy_robot/src/motor_controller.cpp:80:57:[m[K [01;31m[Kerror: [m[Krequest for member ‘[01m[Krequest[m[K’ in ‘[01m[K((MotorController*)this)->MotorController::controllers_id.std::vector<Controller*>::operator[](((std::vector<Controller*>::size_type)id))[m[K’, which is of pointer type ‘[01m[K__gnu_cxx::__alloc_traits<std::allocator<Controller*>, Controller*>::value_type[m[K’ {aka ‘[01m[KController*[m[K’} (maybe you meant to use ‘[01m[K->[m[K’ ?)
   80 |     std::vector<uint8_t> response = *controllers_id[id].[01;31m[Krequest[m[K(request, "Initialize Motor");
      |                                                         [01;31m[K^~~~~~~[m[K
[01m[K/home/happy/happy_ws/src/happy_robot/src/motor_controller.cpp:[m[K In member function ‘[01m[Kbool MotorController::pingTest(int)[m[K’:
[01m[K/home/happy/happy_ws/src/happy_robot/src/motor_controller.cpp:85:57:[m[K [01;31m[Kerror: [m[Krequest for member ‘[01m[Krequest[m[K’ in ‘[01m[K((MotorController*)this)->MotorController::controllers_id.std::vector<Controller*>::operator[](((std::vector<Controller*>::size_type)id))[m[K’, which is of pointer type ‘[01m[K__gnu_cxx::__alloc_traits<std::allocator<Controller*>, Controller*>::value_type[m[K’ {aka ‘[01m[KController*[m[K’} (maybe you meant to use ‘[01m[K->[m[K’ ?)
   85 |     std::vector<uint8_t> response = *controllers_id[id].[01;31m[Krequest[m[K(request, "Ping Test");
      |                                                         [01;31m[K^~~~~~~[m[K
[01m[K/home/happy/happy_ws/src/happy_robot/src/motor_controller.cpp:[m[K In member function ‘[01m[Kvoid MotorController::setMotorParams()[m[K’:
[01m[K/home/happy/happy_ws/src/happy_robot/src/motor_controller.cpp:90:23:[m[K [01;31m[Kerror: [m[Krequest for member ‘[01m[KmotorConfig[m[K’ in ‘[01m[K((MotorController*)this)->MotorController::global_controller[m[K’, which is of pointer type ‘[01m[KController*[m[K’ (maybe you meant to use ‘[01m[K->[m[K’ ?)
   90 |     global_controller.[01;31m[KmotorConfig[m[K.setMotorType(0x31);
      |                       [01;31m[K^~~~~~~~~~~[m[K
[01m[K/home/happy/happy_ws/src/happy_robot/src/motor_controller.cpp:91:23:[m[K [01;31m[Kerror: [m[Krequest for member ‘[01m[KmotorConfig[m[K’ in ‘[01m[K((MotorController*)this)->MotorController::global_controller[m[K’, which is of pointer type ‘[01m[KController*[m[K’ (maybe you meant to use ‘[01m[K->[m[K’ ?)
   91 |     global_controller.[01;31m[KmotorConfig[m[K.setMotorEncoderDirection(0x01);
      |                       [01;31m[K^~~~~~~~~~~[m[K
[01m[K/home/happy/happy_ws/src/happy_robot/src/motor_controller.cpp:92:23:[m[K [01;31m[Kerror: [m[Krequest for member ‘[01m[KmotorConfig[m[K’ in ‘[01m[K((MotorController*)this)->MotorController::global_controller[m[K’, which is of pointer type ‘[01m[KController*[m[K’ (maybe you meant to use ‘[01m[K->[m[K’ ?)
   92 |     global_controller.[01;31m[KmotorConfig[m[K.setMotorEncoderCpr(4000);
      |                       [01;31m[K^~~~~~~~~~~[m[K
[01m[K/home/happy/happy_ws/src/happy_robot/src/motor_controller.cpp:93:23:[m[K [01;31m[Kerror: [m[Krequest for member ‘[01m[KmotorConfig[m[K’ in ‘[01m[K((MotorController*)this)->MotorController::global_controller[m[K’, which is of pointer type ‘[01m[KController*[m[K’ (maybe you meant to use ‘[01m[K->[m[K’ ?)
   93 |     global_controller.[01;31m[KmotorConfig[m[K.setElectronicAngle(4);
      |                       [01;31m[K^~~~~~~~~~~[m[K
[01m[K/home/happy/happy_ws/src/happy_robot/src/motor_controller.cpp:94:23:[m[K [01;31m[Kerror: [m[Krequest for member ‘[01m[KmotorConfig[m[K’ in ‘[01m[K((MotorController*)this)->MotorController::global_controller[m[K’, which is of pointer type ‘[01m[KController*[m[K’ (maybe you meant to use ‘[01m[K->[m[K’ ?)
   94 |     global_controller.[01;31m[KmotorConfig[m[K.setGearRatio(20.0);
      |                       [01;31m[K^~~~~~~~~~~[m[K
[01m[K/home/happy/happy_ws/src/happy_robot/src/motor_controller.cpp:96:23:[m[K [01;31m[Kerror: [m[Krequest for member ‘[01m[KmotorParam[m[K’ in ‘[01m[K((MotorController*)this)->MotorController::global_controller[m[K’, which is of pointer type ‘[01m[KController*[m[K’ (maybe you meant to use ‘[01m[K->[m[K’ ?)
   96 |     global_controller.[01;31m[KmotorParam[m[K.setResistanceConstant(1800);
      |                       [01;31m[K^~~~~~~~~~[m[K
[01m[K/home/happy/happy_ws/src/happy_robot/src/motor_controller.cpp:97:23:[m[K [01;31m[Kerror: [m[Krequest for member ‘[01m[KmotorParam[m[K’ in ‘[01m[K((MotorController*)this)->MotorController::global_controller[m[K’, which is of pointer type ‘[01m[KController*[m[K’ (maybe you meant to use ‘[01m[K->[m[K’ ?)
   97 |     global_controller.[01;31m[KmotorParam[m[K.setInductanceConstant(540);
      |                       [01;31m[K^~~~~~~~~~[m[K
[01m[K/home/happy/happy_ws/src/happy_robot/src/motor_controller.cpp:98:23:[m[K [01;31m[Kerror: [m[Krequest for member ‘[01m[KmotorParam[m[K’ in ‘[01m[K((MotorController*)this)->MotorController::global_controller[m[K’, which is of pointer type ‘[01m[KController*[m[K’ (maybe you meant to use ‘[01m[K->[m[K’ ?)
   98 |     global_controller.[01;31m[KmotorParam[m[K.setTorqueConstant(42);
      |                       [01;31m[K^~~~~~~~~~[m[K
[01m[K/home/happy/happy_ws/src/happy_robot/src/motor_controller.cpp:99:23:[m[K [01;31m[Kerror: [m[Krequest for member ‘[01m[KmotorParam[m[K’ in ‘[01m[K((MotorController*)this)->MotorController::global_controller[m[K’, which is of pointer type ‘[01m[KController*[m[K’ (maybe you meant to use ‘[01m[K->[m[K’ ?)
   99 |     global_controller.[01;31m[KmotorParam[m[K.setMomentOfInertia(24);
      |                       [01;31m[K^~~~~~~~~~[m[K
[01m[K/home/happy/happy_ws/src/happy_robot/src/motor_controller.cpp:100:23:[m[K [01;31m[Kerror: [m[Krequest for member ‘[01m[KmotorParam[m[K’ in ‘[01m[K((MotorController*)this)->MotorController::global_controller[m[K’, which is of pointer type ‘[01m[KController*[m[K’ (maybe you meant to use ‘[01m[K->[m[K’ ?)
  100 |     global_controller.[01;31m[KmotorParam[m[K.setRatedSpeed(4000.0);
      |                       [01;31m[K^~~~~~~~~~[m[K
[01m[K/home/happy/happy_ws/src/happy_robot/src/motor_controller.cpp:101:23:[m[K [01;31m[Kerror: [m[Krequest for member ‘[01m[KmotorParam[m[K’ in ‘[01m[K((MotorController*)this)->MotorController::global_controller[m[K’, which is of pointer type ‘[01m[KController*[m[K’ (maybe you meant to use ‘[01m[K->[m[K’ ?)
  101 |     global_controller.[01;31m[KmotorParam[m[K.setRatedCurrent(200.0);
      |                       [01;31m[K^~~~~~~~~~[m[K
[01m[K/home/happy/happy_ws/src/happy_robot/src/motor_controller.cpp:102:23:[m[K [01;31m[Kerror: [m[Krequest for member ‘[01m[KmotorParam[m[K’ in ‘[01m[K((MotorController*)this)->MotorController::global_controller[m[K’, which is of pointer type ‘[01m[KController*[m[K’ (maybe you meant to use ‘[01m[K->[m[K’ ?)
  102 |     global_controller.[01;31m[KmotorParam[m[K.setRatedVoltage(2.4);
      |                       [01;31m[K^~~~~~~~~~[m[K
[01m[K/home/happy/happy_ws/src/happy_robot/src/motor_controller.cpp:[m[K In member function ‘[01m[Kvoid MotorController::setMotorBrake()[m[K’:
[01m[K/home/happy/happy_ws/src/happy_robot/src/motor_controller.cpp:107:55:[m[K [01;31m[Kerror: [m[Krequest for member ‘[01m[Krequest[m[K’ in ‘[01m[K((MotorController*)this)->MotorController::global_controller[m[K’, which is of pointer type ‘[01m[KController*[m[K’ (maybe you meant to use ‘[01m[K->[m[K’ ?)
  107 |     std::vector<uint8_t> response = global_controller.[01;31m[Krequest[m[K(request, "Set Motor Brake");
      |                                                       [01;31m[K^~~~~~~[m[K
[01m[K/home/happy/happy_ws/src/happy_robot/src/motor_controller.cpp:[m[K In member function ‘[01m[Kvoid MotorController::setMotorNonBrake()[m[K’:
[01m[K/home/happy/happy_ws/src/happy_robot/src/motor_controller.cpp:112:55:[m[K [01;31m[Kerror: [m[Krequest for member ‘[01m[Krequest[m[K’ in ‘[01m[K((MotorController*)this)->MotorController::global_controller[m[K’, which is of pointer type ‘[01m[KController*[m[K’ (maybe you meant to use ‘[01m[K->[m[K’ ?)
  112 |     std::vector<uint8_t> response = global_controller.[01;31m[Krequest[m[K(request, "Set Motor Non-Brake");
      |                                                       [01;31m[K^~~~~~~[m[K
[01m[K/home/happy/happy_ws/src/happy_robot/src/motor_controller.cpp:[m[K In member function ‘[01m[Kvoid MotorController::setOutterBrake()[m[K’:
[01m[K/home/happy/happy_ws/src/happy_robot/src/motor_controller.cpp:117:55:[m[K [01;31m[Kerror: [m[Krequest for member ‘[01m[Krequest[m[K’ in ‘[01m[K((MotorController*)this)->MotorController::global_controller[m[K’, which is of pointer type ‘[01m[KController*[m[K’ (maybe you meant to use ‘[01m[K->[m[K’ ?)
  117 |     std::vector<uint8_t> response = global_controller.[01;31m[Krequest[m[K(request, "Set Outter Brake");
      |                                                       [01;31m[K^~~~~~~[m[K
[01m[K/home/happy/happy_ws/src/happy_robot/src/motor_controller.cpp:[m[K In member function ‘[01m[Kvoid MotorController::setOutterNonBrake()[m[K’:
[01m[K/home/happy/happy_ws/src/happy_robot/src/motor_controller.cpp:122:55:[m[K [01;31m[Kerror: [m[Krequest for member ‘[01m[Krequest[m[K’ in ‘[01m[K((MotorController*)this)->MotorController::global_controller[m[K’, which is of pointer type ‘[01m[KController*[m[K’ (maybe you meant to use ‘[01m[K->[m[K’ ?)
  122 |     std::vector<uint8_t> response = global_controller.[01;31m[Krequest[m[K(request, "Set Outter Non-Brake");
      |                                                       [01;31m[K^~~~~~~[m[K
[01m[K/home/happy/happy_ws/src/happy_robot/src/motor_controller.cpp:[m[K In member function ‘[01m[Kvoid MotorController::setOutterBrakeBefore()[m[K’:
[01m[K/home/happy/happy_ws/src/happy_robot/src/motor_controller.cpp:127:55:[m[K [01;31m[Kerror: [m[Krequest for member ‘[01m[Krequest[m[K’ in ‘[01m[K((MotorController*)this)->MotorController::global_controller[m[K’, which is of pointer type ‘[01m[KController*[m[K’ (maybe you meant to use ‘[01m[K->[m[K’ ?)
  127 |     std::vector<uint8_t> response = global_controller.[01;31m[Krequest[m[K(request, "Set Outter Brake Before");
      |                                                       [01;31m[K^~~~~~~[m[K
[01m[K/home/happy/happy_ws/src/happy_robot/src/motor_controller.cpp:[m[K In member function ‘[01m[Kvoid MotorController::setMotorCmd(int)[m[K’:
[01m[K/home/happy/happy_ws/src/happy_robot/src/motor_controller.cpp:133:59:[m[K [01;31m[Kerror: [m[Krequest for member ‘[01m[Krequest[m[K’ in ‘[01m[K((MotorController*)this)->MotorController::global_controller[m[K’, which is of pointer type ‘[01m[KController*[m[K’ (maybe you meant to use ‘[01m[K->[m[K’ ?)
  133 |         std::vector<uint8_t> response = global_controller.[01;31m[Krequest[m[K(request, "Set Motor Command");
      |                                                           [01;31m[K^~~~~~~[m[K
make[2]: *** [CMakeFiles/motor_controller_lib.dir/build.make:63: CMakeFiles/motor_controller_lib.dir/src/motor_controller.cpp.o] Error 1
make[1]: *** [CMakeFiles/Makefile2:860: CMakeFiles/motor_controller_lib.dir/all] Error 2
make: *** [Makefile:141: all] Error 2
