[35m[1mScanning dependencies of target std_msgs_generate_messages_cpp[0m
[35m[1mScanning dependencies of target _cyglidar_d2_ros1_generate_messages_check_deps_SetRunMode[0m
[  0%] Built target std_msgs_generate_messages_cpp
[35m[1mScanning dependencies of target std_msgs_generate_messages_py[0m
[  0%] Built target std_msgs_generate_messages_py
[35m[1mScanning dependencies of target std_msgs_generate_messages_nodejs[0m
[  0%] Built target std_msgs_generate_messages_nodejs
[  0%] Built target _cyglidar_d2_ros1_generate_messages_check_deps_SetRunMode
[35m[1mScanning dependencies of target std_msgs_generate_messages_eus[0m
[35m[1mScanning dependencies of target std_msgs_generate_messages_lisp[0m
[  0%] Built target std_msgs_generate_messages_eus
[  0%] Built target std_msgs_generate_messages_lisp
[35m[1mScanning dependencies of target cyglidar_publisher[0m
[  5%] [32mBuilding CXX object CMakeFiles/cyglidar_publisher.dir/d2_ros1/main.cpp.o[0m
[35m[1mScanning dependencies of target cyglidar_d2_ros1_generate_messages_cpp[0m
[ 10%] [34m[1mGenerating C++ code from cyglidar_d2_ros1/SetRunMode.srv[0m
[ 10%] Built target cyglidar_d2_ros1_generate_messages_cpp
[ 15%] [32mBuilding CXX object CMakeFiles/cyglidar_publisher.dir/sdk/src/color_encoded_depth_amplitude.cpp.o[0m
[ 20%] [32mBuilding CXX object CMakeFiles/cyglidar_publisher.dir/sdk/src/cygbot_parser.cpp.o[0m
[ 25%] [32mBuilding CXX object CMakeFiles/cyglidar_publisher.dir/sdk/src/distance_processor.cpp.o[0m
[ 30%] [32mBuilding CXX object CMakeFiles/cyglidar_publisher.dir/sdk/src/distortion_table.cpp.o[0m
[ 35%] [32mBuilding CXX object CMakeFiles/cyglidar_publisher.dir/sdk/src/kalman_filtering.cpp.o[0m
[ 40%] [32mBuilding CXX object CMakeFiles/cyglidar_publisher.dir/sdk/src/mapping_point_cloud.cpp.o[0m
[ 45%] [32mBuilding CXX object CMakeFiles/cyglidar_publisher.dir/sdk/src/serial_uart.cpp.o[0m
[ 50%] [32mBuilding CXX object CMakeFiles/cyglidar_publisher.dir/d2_ros1/src/d2_node.cpp.o[0m
[ 55%] [32mBuilding CXX object CMakeFiles/cyglidar_publisher.dir/d2_ros1/src/device_status_topic.cpp.o[0m
[ 60%] [32mBuilding CXX object CMakeFiles/cyglidar_publisher.dir/d2_ros1/src/lidar_2d_topic.cpp.o[0m
[ 65%] [32mBuilding CXX object CMakeFiles/cyglidar_publisher.dir/d2_ros1/src/lidar_3d_topic.cpp.o[0m
[35m[1mScanning dependencies of target cyglidar_d2_ros1_generate_messages_py[0m
[ 70%] [34m[1mGenerating Python code from SRV cyglidar_d2_ros1/SetRunMode[0m
[ 75%] [34m[1mGenerating Python srv __init__.py for cyglidar_d2_ros1[0m
[ 75%] Built target cyglidar_d2_ros1_generate_messages_py
[35m[1mScanning dependencies of target cyglidar_d2_ros1_generate_messages_nodejs[0m
[ 80%] [34m[1mGenerating Javascript code from cyglidar_d2_ros1/SetRunMode.srv[0m
[ 80%] Built target cyglidar_d2_ros1_generate_messages_nodejs
[35m[1mScanning dependencies of target cyglidar_d2_ros1_generate_messages_eus[0m
[ 85%] [34m[1mGenerating EusLisp code from cyglidar_d2_ros1/SetRunMode.srv[0m
[ 90%] [34m[1mGenerating EusLisp manifest code for cyglidar_d2_ros1[0m
[ 90%] Built target cyglidar_d2_ros1_generate_messages_eus
[35m[1mScanning dependencies of target cyglidar_d2_ros1_generate_messages_lisp[0m
[ 95%] [34m[1mGenerating Lisp code from cyglidar_d2_ros1/SetRunMode.srv[0m
[ 95%] Built target cyglidar_d2_ros1_generate_messages_lisp
[100%] [32m[1mLinking CXX executable /home/happy/happy_ws/devel/.private/cyglidar_d2_ros1/lib/cyglidar_d2_ros1/cyglidar_publisher[0m
[100%] Built target cyglidar_publisher
[35m[1mScanning dependencies of target cyglidar_d2_ros1_generate_messages[0m
[100%] Built target cyglidar_d2_ros1_generate_messages
