Linked: (/home/happy/happy_ws/devel/.private/cyglidar_d2_ros1/share/gennodejs/ros/cyglidar_d2_ros1/_index.js, /home/happy/happy_ws/devel/share/gennodejs/ros/cyglidar_d2_ros1/_index.js)
Linked: (/home/happy/happy_ws/devel/.private/cyglidar_d2_ros1/share/gennodejs/ros/cyglidar_d2_ros1/srv/SetRunMode.js, /home/happy/happy_ws/devel/share/gennodejs/ros/cyglidar_d2_ros1/srv/SetRunMode.js)
Linked: (/home/happy/happy_ws/devel/.private/cyglidar_d2_ros1/share/gennodejs/ros/cyglidar_d2_ros1/srv/_index.js, /home/happy/happy_ws/devel/share/gennodejs/ros/cyglidar_d2_ros1/srv/_index.js)
Linked: (/home/happy/happy_ws/devel/.private/cyglidar_d2_ros1/share/roseus/ros/cyglidar_d2_ros1/manifest.l, /home/happy/happy_ws/devel/share/roseus/ros/cyglidar_d2_ros1/manifest.l)
Linked: (/home/happy/happy_ws/devel/.private/cyglidar_d2_ros1/share/roseus/ros/cyglidar_d2_ros1/srv/SetRunMode.l, /home/happy/happy_ws/devel/share/roseus/ros/cyglidar_d2_ros1/srv/SetRunMode.l)
Linked: (/home/happy/happy_ws/devel/.private/cyglidar_d2_ros1/share/cyglidar_d2_ros1/cmake/cyglidar_d2_ros1-msg-paths.cmake, /home/happy/happy_ws/devel/share/cyglidar_d2_ros1/cmake/cyglidar_d2_ros1-msg-paths.cmake)
Linked: (/home/happy/happy_ws/devel/.private/cyglidar_d2_ros1/share/cyglidar_d2_ros1/cmake/cyglidar_d2_ros1Config-version.cmake, /home/happy/happy_ws/devel/share/cyglidar_d2_ros1/cmake/cyglidar_d2_ros1Config-version.cmake)
Linked: (/home/happy/happy_ws/devel/.private/cyglidar_d2_ros1/share/cyglidar_d2_ros1/cmake/cyglidar_d2_ros1-msg-extras.cmake, /home/happy/happy_ws/devel/share/cyglidar_d2_ros1/cmake/cyglidar_d2_ros1-msg-extras.cmake)
Linked: (/home/happy/happy_ws/devel/.private/cyglidar_d2_ros1/share/cyglidar_d2_ros1/cmake/cyglidar_d2_ros1Config.cmake, /home/happy/happy_ws/devel/share/cyglidar_d2_ros1/cmake/cyglidar_d2_ros1Config.cmake)
Linked: (/home/happy/happy_ws/devel/.private/cyglidar_d2_ros1/share/common-lisp/ros/cyglidar_d2_ros1/srv/_package.lisp, /home/happy/happy_ws/devel/share/common-lisp/ros/cyglidar_d2_ros1/srv/_package.lisp)
Linked: (/home/happy/happy_ws/devel/.private/cyglidar_d2_ros1/share/common-lisp/ros/cyglidar_d2_ros1/srv/SetRunMode.lisp, /home/happy/happy_ws/devel/share/common-lisp/ros/cyglidar_d2_ros1/srv/SetRunMode.lisp)
Linked: (/home/happy/happy_ws/devel/.private/cyglidar_d2_ros1/share/common-lisp/ros/cyglidar_d2_ros1/srv/cyglidar_d2_ros1-srv.asd, /home/happy/happy_ws/devel/share/common-lisp/ros/cyglidar_d2_ros1/srv/cyglidar_d2_ros1-srv.asd)
Linked: (/home/happy/happy_ws/devel/.private/cyglidar_d2_ros1/share/common-lisp/ros/cyglidar_d2_ros1/srv/_package_SetRunMode.lisp, /home/happy/happy_ws/devel/share/common-lisp/ros/cyglidar_d2_ros1/srv/_package_SetRunMode.lisp)
Linked: (/home/happy/happy_ws/devel/.private/cyglidar_d2_ros1/include/cyglidar_d2_ros1/SetRunModeRequest.h, /home/happy/happy_ws/devel/include/cyglidar_d2_ros1/SetRunModeRequest.h)
Linked: (/home/happy/happy_ws/devel/.private/cyglidar_d2_ros1/include/cyglidar_d2_ros1/SetRunModeResponse.h, /home/happy/happy_ws/devel/include/cyglidar_d2_ros1/SetRunModeResponse.h)
Linked: (/home/happy/happy_ws/devel/.private/cyglidar_d2_ros1/include/cyglidar_d2_ros1/SetRunMode.h, /home/happy/happy_ws/devel/include/cyglidar_d2_ros1/SetRunMode.h)
Linked: (/home/happy/happy_ws/devel/.private/cyglidar_d2_ros1/lib/pkgconfig/cyglidar_d2_ros1.pc, /home/happy/happy_ws/devel/lib/pkgconfig/cyglidar_d2_ros1.pc)
Linked: (/home/happy/happy_ws/devel/.private/cyglidar_d2_ros1/lib/python3/dist-packages/cyglidar_d2_ros1/__init__.py, /home/happy/happy_ws/devel/lib/python3/dist-packages/cyglidar_d2_ros1/__init__.py)
Linked: (/home/happy/happy_ws/devel/.private/cyglidar_d2_ros1/lib/python3/dist-packages/cyglidar_d2_ros1/srv/__init__.py, /home/happy/happy_ws/devel/lib/python3/dist-packages/cyglidar_d2_ros1/srv/__init__.py)
Linked: (/home/happy/happy_ws/devel/.private/cyglidar_d2_ros1/lib/python3/dist-packages/cyglidar_d2_ros1/srv/_SetRunMode.py, /home/happy/happy_ws/devel/lib/python3/dist-packages/cyglidar_d2_ros1/srv/_SetRunMode.py)
Linked: (/home/happy/happy_ws/devel/.private/cyglidar_d2_ros1/lib/cyglidar_d2_ros1/cyglidar_publisher, /home/happy/happy_ws/devel/lib/cyglidar_d2_ros1/cyglidar_publisher)
