Symlinking /home/happy/happy_ws/devel/share/gennodejs/ros/cyglidar_d2_ros1/_index.js
Symlinking /home/happy/happy_ws/devel/share/gennodejs/ros/cyglidar_d2_ros1/srv/SetRunMode.js
Symlinking /home/happy/happy_ws/devel/share/gennodejs/ros/cyglidar_d2_ros1/srv/_index.js
Symlinking /home/happy/happy_ws/devel/share/roseus/ros/cyglidar_d2_ros1/manifest.l
Symlinking /home/happy/happy_ws/devel/share/roseus/ros/cyglidar_d2_ros1/srv/SetRunMode.l
Symlinking /home/happy/happy_ws/devel/share/cyglidar_d2_ros1/cmake/cyglidar_d2_ros1-msg-paths.cmake
Symlinking /home/happy/happy_ws/devel/share/cyglidar_d2_ros1/cmake/cyglidar_d2_ros1Config-version.cmake
Symlinking /home/happy/happy_ws/devel/share/cyglidar_d2_ros1/cmake/cyglidar_d2_ros1-msg-extras.cmake
Symlinking /home/happy/happy_ws/devel/share/cyglidar_d2_ros1/cmake/cyglidar_d2_ros1Config.cmake
Symlinking /home/happy/happy_ws/devel/share/common-lisp/ros/cyglidar_d2_ros1/srv/_package.lisp
Symlinking /home/happy/happy_ws/devel/share/common-lisp/ros/cyglidar_d2_ros1/srv/SetRunMode.lisp
Symlinking /home/happy/happy_ws/devel/share/common-lisp/ros/cyglidar_d2_ros1/srv/cyglidar_d2_ros1-srv.asd
Symlinking /home/happy/happy_ws/devel/share/common-lisp/ros/cyglidar_d2_ros1/srv/_package_SetRunMode.lisp
Symlinking /home/happy/happy_ws/devel/include/cyglidar_d2_ros1/SetRunModeRequest.h
Symlinking /home/happy/happy_ws/devel/include/cyglidar_d2_ros1/SetRunModeResponse.h
Symlinking /home/happy/happy_ws/devel/include/cyglidar_d2_ros1/SetRunMode.h
Symlinking /home/happy/happy_ws/devel/lib/pkgconfig/cyglidar_d2_ros1.pc
Symlinking /home/happy/happy_ws/devel/lib/python3/dist-packages/cyglidar_d2_ros1/__init__.py
Symlinking /home/happy/happy_ws/devel/lib/python3/dist-packages/cyglidar_d2_ros1/srv/__init__.py
Symlinking /home/happy/happy_ws/devel/lib/python3/dist-packages/cyglidar_d2_ros1/srv/_SetRunMode.py
Symlinking /home/happy/happy_ws/devel/lib/cyglidar_d2_ros1/cyglidar_publisher
