Unlinking: /home/happy/happy_ws/devel/share/gennodejs/ros/realsense2_camera/_index.js
Unlinking: /home/happy/happy_ws/devel/share/gennodejs/ros/realsense2_camera/msg/Metadata.js
Unlinking: /home/happy/happy_ws/devel/share/gennodejs/ros/realsense2_camera/msg/IMUInfo.js
Unlinking: /home/happy/happy_ws/devel/share/gennodejs/ros/realsense2_camera/msg/_index.js
Unlinking: /home/happy/happy_ws/devel/share/gennodejs/ros/realsense2_camera/msg/Extrinsics.js
Unlinking: /home/happy/happy_ws/devel/share/gennodejs/ros/realsense2_camera/srv/DeviceInfo.js
Unlinking: /home/happy/happy_ws/devel/share/gennodejs/ros/realsense2_camera/srv/_index.js
Unlinking: /home/happy/happy_ws/devel/share/roseus/ros/realsense2_camera/manifest.l
Unlinking: /home/happy/happy_ws/devel/share/roseus/ros/realsense2_camera/msg/Metadata.l
Unlinking: /home/happy/happy_ws/devel/share/roseus/ros/realsense2_camera/msg/Extrinsics.l
Unlinking: /home/happy/happy_ws/devel/share/roseus/ros/realsense2_camera/msg/IMUInfo.l
Unlinking: /home/happy/happy_ws/devel/share/roseus/ros/realsense2_camera/srv/DeviceInfo.l
Unlinking: /home/happy/happy_ws/devel/share/realsense2_camera/cmake/realsense2_camera-msg-extras.cmake
Unlinking: /home/happy/happy_ws/devel/share/realsense2_camera/cmake/realsense2_cameraConfig-version.cmake
Unlinking: /home/happy/happy_ws/devel/share/realsense2_camera/cmake/realsense2_cameraConfig.cmake
Unlinking: /home/happy/happy_ws/devel/share/realsense2_camera/cmake/realsense2_camera-msg-paths.cmake
Unlinking: /home/happy/happy_ws/devel/share/common-lisp/ros/realsense2_camera/msg/Extrinsics.lisp
Unlinking: /home/happy/happy_ws/devel/share/common-lisp/ros/realsense2_camera/msg/_package.lisp
Unlinking: /home/happy/happy_ws/devel/share/common-lisp/ros/realsense2_camera/msg/_package_IMUInfo.lisp
Unlinking: /home/happy/happy_ws/devel/share/common-lisp/ros/realsense2_camera/msg/realsense2_camera-msg.asd
Unlinking: /home/happy/happy_ws/devel/share/common-lisp/ros/realsense2_camera/msg/_package_Extrinsics.lisp
Unlinking: /home/happy/happy_ws/devel/share/common-lisp/ros/realsense2_camera/msg/Metadata.lisp
Unlinking: /home/happy/happy_ws/devel/share/common-lisp/ros/realsense2_camera/msg/IMUInfo.lisp
Unlinking: /home/happy/happy_ws/devel/share/common-lisp/ros/realsense2_camera/msg/_package_Metadata.lisp
Unlinking: /home/happy/happy_ws/devel/share/common-lisp/ros/realsense2_camera/srv/_package.lisp
Unlinking: /home/happy/happy_ws/devel/share/common-lisp/ros/realsense2_camera/srv/realsense2_camera-srv.asd
Unlinking: /home/happy/happy_ws/devel/share/common-lisp/ros/realsense2_camera/srv/_package_DeviceInfo.lisp
Unlinking: /home/happy/happy_ws/devel/share/common-lisp/ros/realsense2_camera/srv/DeviceInfo.lisp
Unlinking: /home/happy/happy_ws/devel/include/realsense2_camera/DeviceInfo.h
Unlinking: /home/happy/happy_ws/devel/include/realsense2_camera/IMUInfo.h
Unlinking: /home/happy/happy_ws/devel/include/realsense2_camera/DeviceInfoRequest.h
Unlinking: /home/happy/happy_ws/devel/include/realsense2_camera/Metadata.h
Unlinking: /home/happy/happy_ws/devel/include/realsense2_camera/DeviceInfoResponse.h
Unlinking: /home/happy/happy_ws/devel/include/realsense2_camera/Extrinsics.h
Unlinking: /home/happy/happy_ws/devel/lib/librealsense2_camera.so
Unlinking: /home/happy/happy_ws/devel/lib/pkgconfig/realsense2_camera.pc
Unlinking: /home/happy/happy_ws/devel/lib/python3/dist-packages/realsense2_camera/__init__.py
Unlinking: /home/happy/happy_ws/devel/lib/python3/dist-packages/realsense2_camera/msg/__init__.py
Unlinking: /home/happy/happy_ws/devel/lib/python3/dist-packages/realsense2_camera/msg/_IMUInfo.py
Unlinking: /home/happy/happy_ws/devel/lib/python3/dist-packages/realsense2_camera/msg/_Extrinsics.py
Unlinking: /home/happy/happy_ws/devel/lib/python3/dist-packages/realsense2_camera/msg/_Metadata.py
Unlinking: /home/happy/happy_ws/devel/lib/python3/dist-packages/realsense2_camera/srv/__init__.py
Unlinking: /home/happy/happy_ws/devel/lib/python3/dist-packages/realsense2_camera/srv/_DeviceInfo.py
